#
# There is insufficient memory for the Java Runtime Environment to continue.
# Native memory allocation (malloc) failed to allocate 1267376 bytes for Chunk::new
# Possible reasons:
#   The system is out of physical RAM or swap space
#   The process is running with CompressedOops enabled, and the Java Heap may be blocking the growth of the native heap
# Possible solutions:
#   Reduce memory load on the system
#   Increase physical memory or swap space
#   Check if swap backing store is full
#   Decrease Java heap size (-Xmx/-Xms)
#   Decrease number of Java threads
#   Decrease Java thread stack sizes (-Xss)
#   Set larger code cache with -XX:ReservedCodeCacheSize=
#   JVM is running with Zero Based Compressed Oops mode in which the Java heap is
#     placed in the first 32GB address space. The Java Heap base address is the
#     maximum limit for the native heap growth. Please use -XX:HeapBaseMinAddress
#     to set the Java Heap base and to place the Java Heap above 32GB virtual address.
# This output file may be truncated or incomplete.
#
#  Out of Memory Error (arena.cpp:184), pid=16236, tid=19020
#
# JRE version: OpenJDK Runtime Environment Zulu20.32+11-CA (20.0.2+9) (build 20.0.2+9)
# Java VM: OpenJDK 64-Bit Server VM Zulu20.32+11-CA (20.0.2+9, mixed mode, sharing, tiered, compressed oops, compressed class ptrs, g1 gc, windows-amd64)
# No core dump will be written. Minidumps are not enabled by default on client versions of Windows
#

---------------  S U M M A R Y ------------

Command Line: -Dapplication.home=C:\Program Files (x86)\JAVAFX\zulu20.32.11-ca-fx-jdk20.0.2-win_x64 --add-modules=ALL-DEFAULT -Xms8m -Djdk.module.main=jdk.compiler jdk.compiler/com.sun.tools.javac.Main -d C:\Users\Bijoy\OneDrive\Documents\NetBeansProjects\CinXo\build\classes -classpath C:\Users\Bijoy\OneDrive\Documents\NetBeansProjects\CinXo\build\classes;C:\Users\Bijoy\OneDrive\Documents\fontawesomefx-8.2.jar;C:\Users\Bijoy\Downloads\mysql-connector-j-9.3.0.jar;C:\Users\Bijoy\Downloads\ojdbc11.jar -sourcepath C:\Users\Bijoy\OneDrive\Documents\NetBeansProjects\CinXo\build\empty -target 20 -encoding UTF-8 -g -processorpath C:\Users\Bijoy\OneDrive\Documents\fontawesomefx-8.2.jar;C:\Users\Bijoy\Downloads\mysql-connector-j-9.3.0.jar;C:\Users\Bijoy\Downloads\ojdbc11.jar;C:\Users\Bijoy\OneDrive\Documents\NetBeansProjects\CinXo\build\empty -s C:\Users\Bijoy\OneDrive\Documents\NetBeansProjects\CinXo\build\generated-sources\ap-source-output -source 20 C:\Users\Bijoy\OneDrive\Documents\NetBeansProjects\CinXo\src\cinxo\CinXo.java C:\Users\Bijoy\OneDrive\Documents\NetBeansProjects\CinXo\src\cinxo\Database.java C:\Users\Bijoy\OneDrive\Documents\NetBeansProjects\CinXo\src\cinxo\FXMLDocumentController.java

Host: Intel(R) Core(TM) i5-8365U CPU @ 1.60GHz, 8 cores, 11G,  Windows 11 , 64 bit Build 26100 (10.0.26100.4484)
Time: Tue Jul  8 13:11:10 2025 Bangladesh Standard Time elapsed time: 4.740394 seconds (0d 0h 0m 4s)

---------------  T H R E A D  ---------------

Current thread (0x000002d77313d370):  JavaThread "C2 CompilerThread1" daemon [_thread_in_native, id=19020, stack(0x000000e01a200000,0x000000e01a300000)]


Current CompileTask:
C2:   4740 1458       4       jdk.internal.jimage.ImageLocation::getFullName (109 bytes)

Stack: [0x000000e01a200000,0x000000e01a300000]
Native frames: (J=compiled Java code, j=interpreted, Vv=VM code, C=native code)
V  [jvm.dll+0x6c4e3a]
V  [jvm.dll+0x8a373c]
V  [jvm.dll+0x8a5345]
V  [jvm.dll+0x8a5a43]
V  [jvm.dll+0x284e1f]
V  [jvm.dll+0xc4a81]
V  [jvm.dll+0xc4d95]
V  [jvm.dll+0x3c1761]
V  [jvm.dll+0x38ba47]
V  [jvm.dll+0x38aeca]
V  [jvm.dll+0x24edab]
V  [jvm.dll+0x24e1a1]
V  [jvm.dll+0x1d0d31]
V  [jvm.dll+0x25dacb]
V  [jvm.dll+0x25c1b0]
V  [jvm.dll+0x3f94d5]
V  [jvm.dll+0x84f8b6]
V  [jvm.dll+0x6c3a9b]
C  [ucrtbase.dll+0x37b0]
C  [KERNEL32.DLL+0x2e8d7]
C  [ntdll.dll+0x3c34c]


---------------  P R O C E S S  ---------------

Threads class SMR info:
_java_thread_list=0x000002d7734dba60, length=13, elements={
0x000002d70e69ed20, 0x000002d76e9417a0, 0x000002d76e943d00, 0x000002d76e9460c0,
0x000002d76e94a990, 0x000002d76e94b680, 0x000002d76e952cd0, 0x000002d76e959370,
0x000002d76e956980, 0x000002d76e91b540, 0x000002d772d05e50, 0x000002d77313d370,
0x000002d77358d3e0
}

Java Threads: ( => current thread )
  0x000002d70e69ed20 JavaThread "main" [_thread_in_vm, id=13688, stack(0x000000e018b00000,0x000000e018c00000)]
  0x000002d76e9417a0 JavaThread "Reference Handler" daemon [_thread_blocked, id=3036, stack(0x000000e019200000,0x000000e019300000)]
  0x000002d76e943d00 JavaThread "Finalizer" daemon [_thread_blocked, id=6560, stack(0x000000e019300000,0x000000e019400000)]
  0x000002d76e9460c0 JavaThread "Signal Dispatcher" daemon [_thread_blocked, id=14364, stack(0x000000e019400000,0x000000e019500000)]
  0x000002d76e94a990 JavaThread "Attach Listener" daemon [_thread_blocked, id=6668, stack(0x000000e019500000,0x000000e019600000)]
  0x000002d76e94b680 JavaThread "Service Thread" daemon [_thread_blocked, id=13516, stack(0x000000e019600000,0x000000e019700000)]
  0x000002d76e952cd0 JavaThread "Monitor Deflation Thread" daemon [_thread_blocked, id=8888, stack(0x000000e019700000,0x000000e019800000)]
  0x000002d76e959370 JavaThread "C2 CompilerThread0" daemon [_thread_in_native, id=9244, stack(0x000000e019800000,0x000000e019900000)]
  0x000002d76e956980 JavaThread "C1 CompilerThread0" daemon [_thread_blocked, id=7592, stack(0x000000e019900000,0x000000e019a00000)]
  0x000002d76e91b540 JavaThread "Common-Cleaner" daemon [_thread_blocked, id=12436, stack(0x000000e019a00000,0x000000e019b00000)]
  0x000002d772d05e50 JavaThread "Notification Thread" daemon [_thread_blocked, id=7872, stack(0x000000e019b00000,0x000000e019c00000)]
=>0x000002d77313d370 JavaThread "C2 CompilerThread1" daemon [_thread_in_native, id=19020, stack(0x000000e01a200000,0x000000e01a300000)]
  0x000002d77358d3e0 JavaThread "C2 CompilerThread2" daemon [_thread_in_native, id=20372, stack(0x000000e01a500000,0x000000e01a600000)]

Other Threads:
  0x000002d76e91e960 VMThread "VM Thread" [stack: 0x000000e019100000,0x000000e019200000] [id=16048]
  0x000002d772d06bc0 WatcherThread "VM Periodic Task Thread" [stack: 0x000000e019c00000,0x000000e019d00000] [id=17300]
  0x000002d70e6faa60 WorkerThread "GC Thread#0" [stack: 0x000000e018c00000,0x000000e018d00000] [id=15168]
  0x000002d772e93a50 WorkerThread "GC Thread#1" [stack: 0x000000e019d00000,0x000000e019e00000] [id=6812]
  0x000002d772e9a2c0 WorkerThread "GC Thread#2" [stack: 0x000000e019e00000,0x000000e019f00000] [id=20936]
  0x000002d772e9a590 WorkerThread "GC Thread#3" [stack: 0x000000e019f00000,0x000000e01a000000] [id=20864]
  0x000002d772f7b340 WorkerThread "GC Thread#4" [stack: 0x000000e01a000000,0x000000e01a100000] [id=8188]
  0x000002d7731837f0 WorkerThread "GC Thread#5" [stack: 0x000000e01a100000,0x000000e01a200000] [id=19716]
  0x000002d773552590 WorkerThread "GC Thread#6" [stack: 0x000000e01a300000,0x000000e01a400000] [id=15660]
  0x000002d70e707970 ConcurrentGCThread "G1 Main Marker" [stack: 0x000000e018d00000,0x000000e018e00000] [id=19288]
  0x000002d70e70a560 WorkerThread "G1 Conc#0" [stack: 0x000000e018e00000,0x000000e018f00000] [id=22408]
  0x000002d773552b30 WorkerThread "G1 Conc#1" [stack: 0x000000e01a400000,0x000000e01a500000] [id=21356]
  0x000002d70e73e370 ConcurrentGCThread "G1 Refine#0" [stack: 0x000000e018f00000,0x000000e019000000] [id=20600]
  0x000002d70e73f7e0 ConcurrentGCThread "G1 Service" [stack: 0x000000e019000000,0x000000e019100000] [id=11060]

Threads with active compile tasks:
C2 CompilerThread0    12930 1576       4       com.sun.tools.javac.jvm.ClassReader::sigToType (893 bytes)
C2 CompilerThread1    12930 1458       4       jdk.internal.jimage.ImageLocation::getFullName (109 bytes)
C2 CompilerThread2    12930 1638       4       java.util.regex.Pattern::sequence (647 bytes)

VM state: not at safepoint (normal execution)

VM Mutex/Monitor currently owned by a thread:  ([mutex/lock_event])
[0x000002d70e69b230] Metaspace_lock - owner thread: 0x000002d70e69ed20

Heap address: 0x0000000743000000, size: 3024 MB, Compressed Oops mode: Zero based, Oop shift amount: 3

CDS archive(s) mapped at: [0x000002d72d800000-0x000002d72e470000-0x000002d72e470000), size 13041664, SharedBaseAddress: 0x000002d72d800000, ArchiveRelocationMode: 1.
Compressed class space mapped at: 0x000002d72e800000-0x000002d76e800000, reserved size: 1073741824
Narrow klass base: 0x000002d72d800000, Narrow klass shift: 0, Narrow klass range: 0x100000000

GC Precious Log:
 CardTable entry size: 512
 Card Set container configuration: InlinePtr #cards 4 size 8 Array Of Cards #cards 16 size 48 Howl #buckets 8 coarsen threshold 3686 Howl Bitmap #cards 512 size 80 coarsen threshold 460 Card regions per heap region 1 cards per card region 4096
 CPUs: 8 total, 8 available
 Memory: 12094M
 Large Page Support: Disabled
 NUMA Support: Disabled
 Compressed Oops: Enabled (Zero based)
 Heap Region Size: 2M
 Heap Min Capacity: 8M
 Heap Initial Capacity: 8M
 Heap Max Capacity: 3024M
 Pre-touch: Disabled
 Parallel Workers: 8
 Concurrent Workers: 2
 Concurrent Refinement Workers: 8
 Periodic GC: Disabled

Heap:
 garbage-first heap   total 30720K, used 10367K [0x0000000743000000, 0x0000000800000000)
  region size 2048K, 2 young (4096K), 1 survivors (2048K)
 Metaspace       used 9766K, committed 9920K, reserved 1114112K
  class space    used 1135K, committed 1216K, reserved 1048576K

Heap Regions: E=young(eden), S=young(survivor), O=old, HS=humongous(starts), HC=humongous(continues), CS=collection set, F=free, OA=open archive, CA=closed archive, TAMS=top-at-mark-start, PB=parsable bottom
|   0|0x0000000743000000, 0x0000000743200000, 0x0000000743200000|100%| O|  |TAMS 0x0000000743000000| PB 0x0000000743000000| Untracked 
|   1|0x0000000743200000, 0x0000000743400000, 0x0000000743400000|100%| O|  |TAMS 0x0000000743200000| PB 0x0000000743200000| Untracked 
|   2|0x0000000743400000, 0x0000000743600000, 0x0000000743600000|100%| O|  |TAMS 0x0000000743400000| PB 0x0000000743400000| Untracked 
|   3|0x0000000743600000, 0x0000000743669e00, 0x0000000743800000| 20%| O|  |TAMS 0x0000000743600000| PB 0x0000000743600000| Untracked 
|   4|0x0000000743800000, 0x0000000743800000, 0x0000000743a00000|  0%| F|  |TAMS 0x0000000743800000| PB 0x0000000743800000| Untracked 
|   5|0x0000000743a00000, 0x0000000743a00000, 0x0000000743c00000|  0%| F|  |TAMS 0x0000000743a00000| PB 0x0000000743a00000| Untracked 
|   6|0x0000000743c00000, 0x0000000743c00000, 0x0000000743e00000|  0%| F|  |TAMS 0x0000000743c00000| PB 0x0000000743c00000| Untracked 
|   7|0x0000000743e00000, 0x0000000743e00000, 0x0000000744000000|  0%| F|  |TAMS 0x0000000743e00000| PB 0x0000000743e00000| Untracked 
|   8|0x0000000744000000, 0x00000007441b60c0, 0x0000000744200000| 85%| S|CS|TAMS 0x0000000744000000| PB 0x0000000744000000| Complete 
|   9|0x0000000744200000, 0x0000000744200000, 0x0000000744400000|  0%| F|  |TAMS 0x0000000744200000| PB 0x0000000744200000| Untracked 
|  10|0x0000000744400000, 0x0000000744400000, 0x0000000744600000|  0%| F|  |TAMS 0x0000000744400000| PB 0x0000000744400000| Untracked 
|  11|0x0000000744600000, 0x0000000744600000, 0x0000000744800000|  0%| F|  |TAMS 0x0000000744600000| PB 0x0000000744600000| Untracked 
|  12|0x0000000744800000, 0x0000000744800000, 0x0000000744a00000|  0%| F|  |TAMS 0x0000000744800000| PB 0x0000000744800000| Untracked 
|  13|0x0000000744a00000, 0x0000000744a98f20, 0x0000000744c00000| 29%| E|  |TAMS 0x0000000744a00000| PB 0x0000000744a00000| Complete 
|1511|0x00000007ffe00000, 0x0000000800000000, 0x0000000800000000|100%| O|  |TAMS 0x00000007ffe00000| PB 0x00000007ffe00000| Untracked 

Card table byte_map: [0x000002d7273a0000,0x000002d727990000] _byte_map_base: 0x000002d723988000

Marking Bits: (CMBitMap*) 0x000002d70e6fb090
 Bits: [0x000002d727f80000, 0x000002d72aec0000)

Polling page: 0x000002d70dd60000

Metaspace:

Usage:
  Non-class:      8.43 MB used.
      Class:      1.11 MB used.
       Both:      9.54 MB used.

Virtual space:
  Non-class space:       64.00 MB reserved,       8.50 MB ( 13%) committed,  1 nodes.
      Class space:        1.00 GB reserved,       1.19 MB ( <1%) committed,  1 nodes.
             Both:        1.06 GB reserved,       9.69 MB ( <1%) committed. 

Chunk freelists:
   Non-Class:  1.49 MB
       Class:  2.78 MB
        Both:  4.27 MB

MaxMetaspaceSize: unlimited
CompressedClassSpaceSize: 1.00 GB
Initial GC threshold: 21.00 MB
Current GC threshold: 21.00 MB
CDS: on
MetaspaceReclaimPolicy: balanced
 - commit_granule_bytes: 65536.
 - commit_granule_words: 8192.
 - virtual_space_node_default_size: 8388608.
 - enlarge_chunks_in_place: 1.
 - new_chunks_are_fully_committed: 0.
 - uncommit_free_chunks: 1.
 - use_allocation_guard: 0.


Internal statistics:

num_allocs_failed_limit: 0.
num_arena_births: 82.
num_arena_deaths: 0.
num_vsnodes_births: 2.
num_vsnodes_deaths: 0.
num_space_committed: 155.
num_space_uncommitted: 0.
num_chunks_returned_to_freelist: 0.
num_chunks_taken_from_freelist: 401.
num_chunk_merges: 0.
num_chunk_splits: 284.
num_chunks_enlarged: 225.
num_inconsistent_stats: 0.

CodeHeap 'non-profiled nmethods': size=120000Kb used=544Kb max_used=544Kb free=119455Kb
 bounds [0x000002d71f550000, 0x000002d71f7c0000, 0x000002d726a80000]
CodeHeap 'profiled nmethods': size=120000Kb used=2838Kb max_used=2838Kb free=117161Kb
 bounds [0x000002d717a80000, 0x000002d717d50000, 0x000002d71efb0000]
CodeHeap 'non-nmethods': size=5760Kb used=1417Kb max_used=1455Kb free=4342Kb
 bounds [0x000002d71efb0000, 0x000002d71f220000, 0x000002d71f550000]
 total_blobs=2092 nmethods=1638 adapters=364
 compilation: enabled
              stopped_count=0, restarted_count=0
 full_count=0

Compilation events (20 events):
Event: 3.642 Thread 0x000002d77358d3e0 nmethod 1577 0x000002d71f5d3110 code [0x000002d71f5d3280, 0x000002d71f5d3390]
Event: 3.643 Thread 0x000002d77358d3e0 1582   !   4       java.lang.String::replace (258 bytes)
Event: 3.647 Thread 0x000002d76e956980 nmethod 1598 0x000002d717d2bd90 code [0x000002d717d2c140, 0x000002d717d2d9b8]
Event: 3.648 Thread 0x000002d76e956980 1601       1       com.sun.tools.javac.code.Type::isCompound (2 bytes)
Event: 3.648 Thread 0x000002d76e956980 nmethod 1601 0x000002d71f5d3490 code [0x000002d71f5d3600, 0x000002d71f5d36c8]
Event: 3.659 Thread 0x000002d76e956980 1602       1       java.lang.reflect.Method::getModifiers (5 bytes)
Event: 3.659 Thread 0x000002d76e956980 nmethod 1602 0x000002d71f5d3790 code [0x000002d71f5d3900, 0x000002d71f5d39c8]
Event: 3.661 Thread 0x000002d76e956980 1603       3       java.util.HashMap::isEmpty (13 bytes)
Event: 3.662 Thread 0x000002d76e956980 nmethod 1603 0x000002d717d2e110 code [0x000002d717d2e2a0, 0x000002d717d2e410]
Event: 3.667 Thread 0x000002d76e956980 1604       3       com.sun.tools.javac.code.Type$ClassType::getTypeArguments (30 bytes)
Event: 3.668 Thread 0x000002d76e956980 nmethod 1604 0x000002d717d2e490 code [0x000002d717d2e640, 0x000002d717d2ea50]
Event: 3.673 Thread 0x000002d76e956980 1607       3       java.lang.invoke.LambdaForm::internArgument (85 bytes)
Event: 3.674 Thread 0x000002d76e956980 nmethod 1607 0x000002d717d2eb90 code [0x000002d717d2ed60, 0x000002d717d2f0c0]
Event: 3.675 Thread 0x000002d76e956980 1609       3       jdk.internal.org.objectweb.asm.Frame::getAbstractTypeFromDescriptor (415 bytes)
Event: 3.680 Thread 0x000002d76e956980 nmethod 1609 0x000002d717d2f290 code [0x000002d717d2f620, 0x000002d717d311a8]
Event: 3.681 Thread 0x000002d76e956980 1612       3       java.lang.invoke.DirectMethodHandle::make (275 bytes)
Event: 3.685 Thread 0x000002d76e956980 nmethod 1612 0x000002d717d31a90 code [0x000002d717d31e00, 0x000002d717d33138]
Event: 3.686 Thread 0x000002d76e956980 1616       3       java.lang.Long::numberOfTrailingZeros (26 bytes)
Event: 3.688 Thread 0x000002d76e956980 nmethod 1616 0x000002d717d33910 code [0x000002d717d33ac0, 0x000002d717d33c70]
Event: 3.689 Thread 0x000002d76e956980 1614       3       java.lang.invoke.MethodHandles$Lookup::resolveOrFail (48 bytes)

GC Heap History (20 events):
Event: 0.480 GC heap before
{Heap before GC invocations=0 (full 0):
 garbage-first heap   total 8192K, used 2048K [0x0000000743000000, 0x0000000800000000)
  region size 2048K, 1 young (2048K), 0 survivors (0K)
 Metaspace       used 1119K, committed 1216K, reserved 1114112K
  class space    used 123K, committed 192K, reserved 1048576K
}
Event: 0.490 GC heap after
{Heap after GC invocations=1 (full 0):
 garbage-first heap   total 8192K, used 1040K [0x0000000743000000, 0x0000000800000000)
  region size 2048K, 1 young (2048K), 1 survivors (2048K)
 Metaspace       used 1119K, committed 1216K, reserved 1114112K
  class space    used 123K, committed 192K, reserved 1048576K
}
Event: 0.853 GC heap before
{Heap before GC invocations=1 (full 0):
 garbage-first heap   total 8192K, used 1040K [0x0000000743000000, 0x0000000800000000)
  region size 2048K, 2 young (4096K), 1 survivors (2048K)
 Metaspace       used 3072K, committed 3264K, reserved 1114112K
  class space    used 387K, committed 512K, reserved 1048576K
}
Event: 0.858 GC heap after
{Heap after GC invocations=2 (full 0):
 garbage-first heap   total 8192K, used 1479K [0x0000000743000000, 0x0000000800000000)
  region size 2048K, 1 young (2048K), 1 survivors (2048K)
 Metaspace       used 3072K, committed 3264K, reserved 1114112K
  class space    used 387K, committed 512K, reserved 1048576K
}
Event: 1.277 GC heap before
{Heap before GC invocations=2 (full 0):
 garbage-first heap   total 8192K, used 1479K [0x0000000743000000, 0x0000000800000000)
  region size 2048K, 2 young (4096K), 1 survivors (2048K)
 Metaspace       used 6898K, committed 7104K, reserved 1114112K
  class space    used 810K, committed 896K, reserved 1048576K
}
Event: 1.287 GC heap after
{Heap after GC invocations=3 (full 0):
 garbage-first heap   total 8192K, used 2505K [0x0000000743000000, 0x0000000800000000)
  region size 2048K, 1 young (2048K), 1 survivors (2048K)
 Metaspace       used 6898K, committed 7104K, reserved 1114112K
  class space    used 810K, committed 896K, reserved 1048576K
}
Event: 1.648 GC heap before
{Heap before GC invocations=3 (full 0):
 garbage-first heap   total 8192K, used 4553K [0x0000000743000000, 0x0000000800000000)
  region size 2048K, 2 young (4096K), 1 survivors (2048K)
 Metaspace       used 8066K, committed 8256K, reserved 1114112K
  class space    used 912K, committed 1024K, reserved 1048576K
}
Event: 1.659 GC heap after
{Heap after GC invocations=4 (full 0):
 garbage-first heap   total 8192K, used 3329K [0x0000000743000000, 0x0000000800000000)
  region size 2048K, 1 young (2048K), 1 survivors (2048K)
 Metaspace       used 8066K, committed 8256K, reserved 1114112K
  class space    used 912K, committed 1024K, reserved 1048576K
}
Event: 1.807 GC heap before
{Heap before GC invocations=4 (full 0):
 garbage-first heap   total 8192K, used 5377K [0x0000000743000000, 0x0000000800000000)
  region size 2048K, 2 young (4096K), 1 survivors (2048K)
 Metaspace       used 8576K, committed 8704K, reserved 1114112K
  class space    used 975K, committed 1024K, reserved 1048576K
}
Event: 1.814 GC heap after
{Heap after GC invocations=5 (full 0):
 garbage-first heap   total 12288K, used 4527K [0x0000000743000000, 0x0000000800000000)
  region size 2048K, 1 young (2048K), 1 survivors (2048K)
 Metaspace       used 8576K, committed 8704K, reserved 1114112K
  class space    used 975K, committed 1024K, reserved 1048576K
}
Event: 1.874 GC heap before
{Heap before GC invocations=5 (full 0):
 garbage-first heap   total 12288K, used 6575K [0x0000000743000000, 0x0000000800000000)
  region size 2048K, 2 young (4096K), 1 survivors (2048K)
 Metaspace       used 8661K, committed 8768K, reserved 1114112K
  class space    used 976K, committed 1024K, reserved 1048576K
}
Event: 1.881 GC heap after
{Heap after GC invocations=6 (full 0):
 garbage-first heap   total 12288K, used 5456K [0x0000000743000000, 0x0000000800000000)
  region size 2048K, 1 young (2048K), 1 survivors (2048K)
 Metaspace       used 8661K, committed 8768K, reserved 1114112K
  class space    used 976K, committed 1024K, reserved 1048576K
}
Event: 1.962 GC heap before
{Heap before GC invocations=6 (full 0):
 garbage-first heap   total 12288K, used 7504K [0x0000000743000000, 0x0000000800000000)
  region size 2048K, 2 young (4096K), 1 survivors (2048K)
 Metaspace       used 8797K, committed 8960K, reserved 1114112K
  class space    used 996K, committed 1088K, reserved 1048576K
}
Event: 1.969 GC heap after
{Heap after GC invocations=7 (full 0):
 garbage-first heap   total 12288K, used 5539K [0x0000000743000000, 0x0000000800000000)
  region size 2048K, 1 young (2048K), 1 survivors (2048K)
 Metaspace       used 8797K, committed 8960K, reserved 1114112K
  class space    used 996K, committed 1088K, reserved 1048576K
}
Event: 2.038 GC heap before
{Heap before GC invocations=8 (full 0):
 garbage-first heap   total 18432K, used 7587K [0x0000000743000000, 0x0000000800000000)
  region size 2048K, 2 young (4096K), 1 survivors (2048K)
 Metaspace       used 8843K, committed 9024K, reserved 1114112K
  class space    used 997K, committed 1088K, reserved 1048576K
}
Event: 2.041 GC heap after
{Heap after GC invocations=9 (full 0):
 garbage-first heap   total 18432K, used 5802K [0x0000000743000000, 0x0000000800000000)
  region size 2048K, 1 young (2048K), 1 survivors (2048K)
 Metaspace       used 8843K, committed 9024K, reserved 1114112K
  class space    used 997K, committed 1088K, reserved 1048576K
}
Event: 2.095 GC heap before
{Heap before GC invocations=9 (full 0):
 garbage-first heap   total 18432K, used 9898K [0x0000000743000000, 0x0000000800000000)
  region size 2048K, 3 young (6144K), 1 survivors (2048K)
 Metaspace       used 8905K, committed 9088K, reserved 1114112K
  class space    used 1006K, committed 1088K, reserved 1048576K
}
Event: 2.103 GC heap after
{Heap after GC invocations=10 (full 0):
 garbage-first heap   total 30720K, used 6303K [0x0000000743000000, 0x0000000800000000)
  region size 2048K, 1 young (2048K), 1 survivors (2048K)
 Metaspace       used 8905K, committed 9088K, reserved 1114112K
  class space    used 1006K, committed 1088K, reserved 1048576K
}
Event: 2.294 GC heap before
{Heap before GC invocations=10 (full 0):
 garbage-first heap   total 30720K, used 18591K [0x0000000743000000, 0x0000000800000000)
  region size 2048K, 7 young (14336K), 1 survivors (2048K)
 Metaspace       used 9127K, committed 9280K, reserved 1114112K
  class space    used 1034K, committed 1088K, reserved 1048576K
}
Event: 2.303 GC heap after
{Heap after GC invocations=11 (full 0):
 garbage-first heap   total 30720K, used 8429K [0x0000000743000000, 0x0000000800000000)
  region size 2048K, 1 young (2048K), 1 survivors (2048K)
 Metaspace       used 9127K, committed 9280K, reserved 1114112K
  class space    used 1034K, committed 1088K, reserved 1048576K
}

Dll operation events (6 events):
Event: 0.016 Loaded shared library C:\Program Files (x86)\JAVAFX\zulu20.32.11-ca-fx-jdk20.0.2-win_x64\bin\java.dll
Event: 0.058 Loaded shared library C:\Program Files (x86)\JAVAFX\zulu20.32.11-ca-fx-jdk20.0.2-win_x64\bin\jsvml.dll
Event: 0.257 Loaded shared library C:\Program Files (x86)\JAVAFX\zulu20.32.11-ca-fx-jdk20.0.2-win_x64\bin\jimage.dll
Event: 0.588 Loaded shared library C:\Program Files (x86)\JAVAFX\zulu20.32.11-ca-fx-jdk20.0.2-win_x64\bin\net.dll
Event: 0.596 Loaded shared library C:\Program Files (x86)\JAVAFX\zulu20.32.11-ca-fx-jdk20.0.2-win_x64\bin\nio.dll
Event: 0.704 Loaded shared library C:\Program Files (x86)\JAVAFX\zulu20.32.11-ca-fx-jdk20.0.2-win_x64\bin\zip.dll

Deoptimization events (20 events):
Event: 2.091 Thread 0x000002d70e69ed20 Uncommon trap: trap_request=0xffffff45 fr.pc=0x000002d71f58e46c relative=0x000000000000006c
Event: 2.091 Thread 0x000002d70e69ed20 Uncommon trap: reason=unstable_if action=reinterpret pc=0x000002d71f58e46c method=com.sun.tools.javac.jvm.PoolReader.sizeof(I)I @ 1 c2
Event: 2.091 Thread 0x000002d70e69ed20 DEOPT PACKING pc=0x000002d71f58e46c sp=0x000000e018bfe420
Event: 2.091 Thread 0x000002d70e69ed20 DEOPT UNPACKING pc=0x000002d71f019d22 sp=0x000000e018bfe3b0 mode 2
Event: 3.502 Thread 0x000002d70e69ed20 Uncommon trap: trap_request=0xffffffde fr.pc=0x000002d71f5cf9b0 relative=0x0000000000000130
Event: 3.502 Thread 0x000002d70e69ed20 Uncommon trap: reason=class_check action=maybe_recompile pc=0x000002d71f5cf9b0 method=jdk.internal.misc.Unsafe.allocateUninitializedArray(Ljava/lang/Class;I)Ljava/lang/Object; @ 51 c2
Event: 3.502 Thread 0x000002d70e69ed20 DEOPT PACKING pc=0x000002d71f5cf9b0 sp=0x000000e018bfcd70
Event: 3.502 Thread 0x000002d70e69ed20 DEOPT UNPACKING pc=0x000002d71f019d22 sp=0x000000e018bfcce8 mode 2
Event: 3.507 Thread 0x000002d70e69ed20 Uncommon trap: trap_request=0xffffffde fr.pc=0x000002d71f5cf9b0 relative=0x0000000000000130
Event: 3.507 Thread 0x000002d70e69ed20 Uncommon trap: reason=class_check action=maybe_recompile pc=0x000002d71f5cf9b0 method=jdk.internal.misc.Unsafe.allocateUninitializedArray(Ljava/lang/Class;I)Ljava/lang/Object; @ 51 c2
Event: 3.507 Thread 0x000002d70e69ed20 DEOPT PACKING pc=0x000002d71f5cf9b0 sp=0x000000e018bfb500
Event: 3.507 Thread 0x000002d70e69ed20 DEOPT UNPACKING pc=0x000002d71f019d22 sp=0x000000e018bfb478 mode 2
Event: 3.515 Thread 0x000002d70e69ed20 Uncommon trap: trap_request=0xffffffde fr.pc=0x000002d71f5cf9b0 relative=0x0000000000000130
Event: 3.515 Thread 0x000002d70e69ed20 Uncommon trap: reason=class_check action=maybe_recompile pc=0x000002d71f5cf9b0 method=jdk.internal.misc.Unsafe.allocateUninitializedArray(Ljava/lang/Class;I)Ljava/lang/Object; @ 51 c2
Event: 3.515 Thread 0x000002d70e69ed20 DEOPT PACKING pc=0x000002d71f5cf9b0 sp=0x000000e018bfd910
Event: 3.515 Thread 0x000002d70e69ed20 DEOPT UNPACKING pc=0x000002d71f019d22 sp=0x000000e018bfd888 mode 2
Event: 3.531 Thread 0x000002d70e69ed20 Uncommon trap: trap_request=0xffffffde fr.pc=0x000002d71f5cf9b0 relative=0x0000000000000130
Event: 3.531 Thread 0x000002d70e69ed20 Uncommon trap: reason=class_check action=maybe_recompile pc=0x000002d71f5cf9b0 method=jdk.internal.misc.Unsafe.allocateUninitializedArray(Ljava/lang/Class;I)Ljava/lang/Object; @ 51 c2
Event: 3.531 Thread 0x000002d70e69ed20 DEOPT PACKING pc=0x000002d71f5cf9b0 sp=0x000000e018bfd5c0
Event: 3.531 Thread 0x000002d70e69ed20 DEOPT UNPACKING pc=0x000002d71f019d22 sp=0x000000e018bfd538 mode 2

Classes loaded (20 events):
Event: 1.942 Loading class java/nio/file/Files$2
Event: 1.942 Loading class java/nio/file/Files$2 done
Event: 1.943 Loading class java/util/ImmutableCollections$Access
Event: 1.943 Loading class java/util/ImmutableCollections$Access done
Event: 1.943 Loading class java/util/ImmutableCollections$Access$1
Event: 1.943 Loading class jdk/internal/access/JavaUtilCollectionAccess
Event: 1.943 Loading class jdk/internal/access/JavaUtilCollectionAccess done
Event: 1.943 Loading class java/util/ImmutableCollections$Access$1 done
Event: 1.946 Loading class java/util/stream/Nodes$SpinedNodeBuilder
Event: 1.946 Loading class java/util/stream/Nodes$SpinedNodeBuilder done
Event: 2.095 Loading class java/lang/invoke/MethodHandle$1
Event: 2.095 Loading class java/lang/invoke/MethodHandle$1 done
Event: 2.169 Loading class java/util/LinkedList$Node
Event: 2.169 Loading class java/util/LinkedList$Node done
Event: 2.333 Loading class java/nio/file/FileTreeWalker$1
Event: 2.333 Loading class java/nio/file/FileTreeWalker$1 done
Event: 3.400 Loading class java/util/stream/ReduceOps$1
Event: 3.401 Loading class java/util/stream/ReduceOps$1 done
Event: 3.401 Loading class java/util/stream/ReduceOps$1ReducingSink
Event: 3.401 Loading class java/util/stream/ReduceOps$1ReducingSink done

Classes unloaded (0 events):
No events

Classes redefined (0 events):
No events

Internal exceptions (20 events):
Event: 1.899 Thread 0x000002d70e69ed20 Exception <a 'sun/nio/fs/WindowsException'{0x00000007438d26c0}> (0x00000007438d26c0) 
thrown [s\src\hotspot\share\prims\jni.cpp, line 519]
Event: 1.900 Thread 0x000002d70e69ed20 Exception <a 'sun/nio/fs/WindowsException'{0x00000007438d2e80}> (0x00000007438d2e80) 
thrown [s\src\hotspot\share\prims\jni.cpp, line 519]
Event: 1.903 Thread 0x000002d70e69ed20 Exception <a 'java/lang/NoSuchMethodError'{0x00000007438db718}: 'void java.lang.invoke.DirectMethodHandle$Holder.invokeStatic(java.lang.Object, java.lang.Object)'> (0x00000007438db718) 
thrown [s\src\hotspot\share\interpreter\linkResolver.cpp, line 773]
Event: 1.908 Thread 0x000002d70e69ed20 Exception <a 'sun/nio/fs/WindowsException'{0x00000007438e5470}> (0x00000007438e5470) 
thrown [s\src\hotspot\share\prims\jni.cpp, line 519]
Event: 1.910 Thread 0x000002d70e69ed20 Exception <a 'sun/nio/fs/WindowsException'{0x00000007438ea4a0}> (0x00000007438ea4a0) 
thrown [s\src\hotspot\share\prims\jni.cpp, line 519]
Event: 2.051 Thread 0x000002d70e69ed20 Exception <a 'java/lang/NoSuchMethodError'{0x0000000743c467d8}: 'int java.lang.invoke.DirectMethodHandle$Holder.invokeSpecial(java.lang.Object, java.lang.Object, java.lang.Object)'> (0x0000000743c467d8) 
thrown [s\src\hotspot\share\interpreter\linkResolver.cpp, line 773]
Event: 2.055 Thread 0x000002d70e69ed20 Exception <a 'sun/nio/fs/WindowsException'{0x0000000743c50b90}> (0x0000000743c50b90) 
thrown [s\src\hotspot\share\prims\jni.cpp, line 519]
Event: 2.055 Thread 0x000002d70e69ed20 Exception <a 'sun/nio/fs/WindowsException'{0x0000000743c518b0}> (0x0000000743c518b0) 
thrown [s\src\hotspot\share\prims\jni.cpp, line 519]
Event: 2.092 Thread 0x000002d70e69ed20 Exception <a 'java/lang/NoSuchMethodError'{0x0000000743bf3650}: 'java.lang.Object java.lang.invoke.DirectMethodHandle$Holder.invokeStatic(java.lang.Object, java.lang.Object, int, int)'> (0x0000000743bf3650) 
thrown [s\src\hotspot\share\interpreter\linkResolver.cpp, line 773]
Event: 2.184 Thread 0x000002d70e69ed20 Exception <a 'java/lang/NoSuchMethodError'{0x0000000744801708}: 'java.lang.Object java.lang.invoke.DirectMethodHandle$Holder.invokeInterface(java.lang.Object, java.lang.Object)'> (0x0000000744801708) 
thrown [s\src\hotspot\share\interpreter\linkResolver.cpp, line 773]
Event: 2.190 Thread 0x000002d70e69ed20 Exception <a 'java/lang/NoSuchMethodError'{0x0000000744811db8}: 'void java.lang.invoke.DirectMethodHandle$Holder.invokeSpecial(java.lang.Object, java.lang.Object, java.lang.Object, java.lang.Object, java.lang.Object)'> (0x0000000744811db8) 
thrown [s\src\hotspot\share\interpreter\linkResolver.cpp, line 773]
Event: 2.227 Thread 0x000002d70e69ed20 Exception <a 'sun/nio/fs/WindowsException'{0x0000000744984d68}> (0x0000000744984d68) 
thrown [s\src\hotspot\share\prims\jni.cpp, line 519]
Event: 2.228 Thread 0x000002d70e69ed20 Exception <a 'sun/nio/fs/WindowsException'{0x0000000744985820}> (0x0000000744985820) 
thrown [s\src\hotspot\share\prims\jni.cpp, line 519]
Event: 2.332 Thread 0x000002d70e69ed20 Exception <a 'sun/nio/fs/WindowsException'{0x0000000744693058}> (0x0000000744693058) 
thrown [s\src\hotspot\share\prims\jni.cpp, line 519]
Event: 2.334 Thread 0x000002d70e69ed20 Exception <a 'sun/nio/fs/WindowsException'{0x0000000744694620}> (0x0000000744694620) 
thrown [s\src\hotspot\share\prims\jni.cpp, line 519]
Event: 2.335 Thread 0x000002d70e69ed20 Exception <a 'sun/nio/fs/WindowsException'{0x0000000744695a00}> (0x0000000744695a00) 
thrown [s\src\hotspot\share\prims\jni.cpp, line 519]
Event: 2.335 Thread 0x000002d70e69ed20 Exception <a 'sun/nio/fs/WindowsException'{0x00000007446964e8}> (0x00000007446964e8) 
thrown [s\src\hotspot\share\prims\jni.cpp, line 519]
Event: 3.668 Thread 0x000002d70e69ed20 Exception <a 'java/lang/NoSuchMethodError'{0x00000007442f1128}: 'int java.lang.invoke.DirectMethodHandle$Holder.invokeVirtual(java.lang.Object, java.lang.Object, java.lang.Object, java.lang.Object)'> (0x00000007442f1128) 
thrown [s\src\hotspot\share\interpreter\linkResolver.cpp, line 773]
Event: 3.675 Thread 0x000002d70e69ed20 Exception <a 'java/lang/NoSuchMethodError'{0x00000007442fc2c0}: 'java.lang.Object java.lang.invoke.DirectMethodHandle$Holder.newInvokeSpecial(java.lang.Object, java.lang.Object, int, java.lang.Object)'> (0x00000007442fc2c0) 
thrown [s\src\hotspot\share\interpreter\linkResolver.cpp, line 773]
Event: 3.677 Thread 0x000002d70e69ed20 Exception <a 'java/lang/NoSuchMethodError'{0x00000007443006c8}: 'java.lang.Object java.lang.invoke.DirectMethodHandle$Holder.invokeSpecial(java.lang.Object, java.lang.Object, java.lang.Object, int, java.lang.Object)'> (0x00000007443006c8) 
thrown [s\src\hotspot\share\interpreter\linkResolver.cpp, line 773]

VM Operations (20 events):
Event: 1.659 Executing VM operation: G1CollectForAllocation done
Event: 1.807 Executing VM operation: G1CollectForAllocation
Event: 1.814 Executing VM operation: G1CollectForAllocation done
Event: 1.874 Executing VM operation: G1CollectForAllocation
Event: 1.881 Executing VM operation: G1CollectForAllocation done
Event: 1.962 Executing VM operation: G1CollectForAllocation
Event: 1.969 Executing VM operation: G1CollectForAllocation done
Event: 1.993 Executing VM operation: G1PauseRemark
Event: 1.999 Executing VM operation: G1PauseRemark done
Event: 2.004 Executing VM operation: G1PauseCleanup
Event: 2.004 Executing VM operation: G1PauseCleanup done
Event: 2.038 Executing VM operation: G1CollectForAllocation
Event: 2.041 Executing VM operation: G1CollectForAllocation done
Event: 2.095 Executing VM operation: G1CollectForAllocation
Event: 2.103 Executing VM operation: G1CollectForAllocation done
Event: 2.294 Executing VM operation: G1CollectForAllocation
Event: 2.303 Executing VM operation: G1CollectForAllocation done
Event: 3.306 Executing VM operation: Cleanup
Event: 3.390 Executing VM operation: Cleanup done
Event: 4.401 Executing VM operation: Cleanup

Events (13 events):
Event: 0.059 Thread 0x000002d70e69ed20 Thread added: 0x000002d70e69ed20
Event: 0.093 Thread 0x000002d76e9417a0 Thread added: 0x000002d76e9417a0
Event: 0.094 Thread 0x000002d76e943d00 Thread added: 0x000002d76e943d00
Event: 0.094 Thread 0x000002d76e9460c0 Thread added: 0x000002d76e9460c0
Event: 0.095 Thread 0x000002d76e94a990 Thread added: 0x000002d76e94a990
Event: 0.095 Thread 0x000002d76e94b680 Thread added: 0x000002d76e94b680
Event: 0.095 Thread 0x000002d76e952cd0 Thread added: 0x000002d76e952cd0
Event: 0.096 Thread 0x000002d76e959370 Thread added: 0x000002d76e959370
Event: 0.096 Thread 0x000002d76e956980 Thread added: 0x000002d76e956980
Event: 0.163 Thread 0x000002d76e91b540 Thread added: 0x000002d76e91b540
Event: 0.244 Thread 0x000002d772d05e50 Thread added: 0x000002d772d05e50
Event: 1.720 Thread 0x000002d77313d370 Thread added: 0x000002d77313d370
Event: 2.031 Thread 0x000002d77358d3e0 Thread added: 0x000002d77358d3e0


Dynamic libraries:
0x00007ff6e0a20000 - 0x00007ff6e0a28000 	C:\Program Files (x86)\JAVAFX\zulu20.32.11-ca-fx-jdk20.0.2-win_x64\bin\javac.exe
0x00007ffa3eaa0000 - 0x00007ffa3ed08000 	C:\WINDOWS\SYSTEM32\ntdll.dll
0x00007ffa3daa0000 - 0x00007ffa3db69000 	C:\WINDOWS\System32\KERNEL32.DLL
0x00007ffa3bca0000 - 0x00007ffa3c08d000 	C:\WINDOWS\System32\KERNELBASE.dll
0x00007ffa3c360000 - 0x00007ffa3c4ab000 	C:\WINDOWS\System32\ucrtbase.dll
0x00007ffa16d00000 - 0x00007ffa16d1b000 	C:\Program Files (x86)\JAVAFX\zulu20.32.11-ca-fx-jdk20.0.2-win_x64\bin\VCRUNTIME140.dll
0x00007ffa16d20000 - 0x00007ffa16d37000 	C:\Program Files (x86)\JAVAFX\zulu20.32.11-ca-fx-jdk20.0.2-win_x64\bin\jli.dll
0x00007ffa3d2a0000 - 0x00007ffa3d46c000 	C:\WINDOWS\System32\USER32.dll
0x00007ffa21f70000 - 0x00007ffa2220a000 	C:\WINDOWS\WinSxS\amd64_microsoft.windows.common-controls_6595b64144ccf1df_6.0.26100.4484_none_3e0e6d4ce32ef3b3\COMCTL32.dll
0x00007ffa3c630000 - 0x00007ffa3c657000 	C:\WINDOWS\System32\win32u.dll
0x00007ffa3d810000 - 0x00007ffa3d8b9000 	C:\WINDOWS\System32\msvcrt.dll
0x00007ffa3e0e0000 - 0x00007ffa3e10b000 	C:\WINDOWS\System32\GDI32.dll
0x00007ffa3c700000 - 0x00007ffa3c837000 	C:\WINDOWS\System32\gdi32full.dll
0x00007ffa3bbf0000 - 0x00007ffa3bc93000 	C:\WINDOWS\System32\msvcp_win.dll
0x00007ffa3d060000 - 0x00007ffa3d08f000 	C:\WINDOWS\System32\IMM32.DLL
0x00007ffa25800000 - 0x00007ffa2580c000 	C:\Program Files (x86)\JAVAFX\zulu20.32.11-ca-fx-jdk20.0.2-win_x64\bin\vcruntime140_1.dll
0x00007ffa01fb0000 - 0x00007ffa0203d000 	C:\Program Files (x86)\JAVAFX\zulu20.32.11-ca-fx-jdk20.0.2-win_x64\bin\msvcp140.dll
0x00007ff974430000 - 0x00007ff97513f000 	C:\Program Files (x86)\JAVAFX\zulu20.32.11-ca-fx-jdk20.0.2-win_x64\bin\server\jvm.dll
0x00007ffa3d970000 - 0x00007ffa3da24000 	C:\WINDOWS\System32\ADVAPI32.dll
0x00007ffa3cf90000 - 0x00007ffa3d036000 	C:\WINDOWS\System32\sechost.dll
0x00007ffa3e4b0000 - 0x00007ffa3e5c8000 	C:\WINDOWS\System32\RPCRT4.dll
0x00007ffa26890000 - 0x00007ffa268c5000 	C:\WINDOWS\SYSTEM32\WINMM.dll
0x00007ffa1ad70000 - 0x00007ffa1ad7a000 	C:\WINDOWS\SYSTEM32\WSOCK32.dll
0x00007ffa35e10000 - 0x00007ffa35e1b000 	C:\WINDOWS\SYSTEM32\VERSION.dll
0x00007ffa3de00000 - 0x00007ffa3de74000 	C:\WINDOWS\System32\WS2_32.dll
0x00007ffa3a9a0000 - 0x00007ffa3a9bb000 	C:\WINDOWS\SYSTEM32\kernel.appcore.dll
0x00007ffa16650000 - 0x00007ffa1665a000 	C:\Program Files (x86)\JAVAFX\zulu20.32.11-ca-fx-jdk20.0.2-win_x64\bin\jimage.dll
0x00007ffa2f550000 - 0x00007ffa2f791000 	C:\WINDOWS\SYSTEM32\DBGHELP.DLL
0x00007ffa3d480000 - 0x00007ffa3d806000 	C:\WINDOWS\System32\combase.dll
0x00007ffa3e2c0000 - 0x00007ffa3e3a0000 	C:\WINDOWS\System32\OLEAUT32.dll
0x00007ffa21b00000 - 0x00007ffa21b43000 	C:\WINDOWS\SYSTEM32\dbgcore.DLL
0x00007ffa3c660000 - 0x00007ffa3c6f9000 	C:\WINDOWS\System32\bcryptPrimitives.dll
0x00007ffa144b0000 - 0x00007ffa144d6000 	C:\Program Files (x86)\JAVAFX\zulu20.32.11-ca-fx-jdk20.0.2-win_x64\bin\java.dll
0x00007ff9ff940000 - 0x00007ff9ffa17000 	C:\Program Files (x86)\JAVAFX\zulu20.32.11-ca-fx-jdk20.0.2-win_x64\bin\jsvml.dll
0x00007ffa3c840000 - 0x00007ffa3cf8a000 	C:\WINDOWS\System32\SHELL32.dll
0x00007ffa3c4b0000 - 0x00007ffa3c624000 	C:\WINDOWS\System32\wintypes.dll
0x00007ffa39880000 - 0x00007ffa3a0db000 	C:\WINDOWS\SYSTEM32\windows.storage.dll
0x00007ffa3e3b0000 - 0x00007ffa3e4a5000 	C:\WINDOWS\System32\SHCORE.dll
0x00007ffa3da30000 - 0x00007ffa3da9a000 	C:\WINDOWS\System32\shlwapi.dll
0x00007ffa3bb00000 - 0x00007ffa3bb2f000 	C:\WINDOWS\SYSTEM32\profapi.dll
0x00007ffa14490000 - 0x00007ffa144a3000 	C:\Program Files (x86)\JAVAFX\zulu20.32.11-ca-fx-jdk20.0.2-win_x64\bin\net.dll
0x00007ffa338e0000 - 0x00007ffa339fe000 	C:\WINDOWS\SYSTEM32\WINHTTP.dll
0x00007ffa3af20000 - 0x00007ffa3af8a000 	C:\WINDOWS\system32\mswsock.dll
0x00007ffa14470000 - 0x00007ffa14486000 	C:\Program Files (x86)\JAVAFX\zulu20.32.11-ca-fx-jdk20.0.2-win_x64\bin\nio.dll
0x00007ffa01f90000 - 0x00007ffa01fa8000 	C:\Program Files (x86)\JAVAFX\zulu20.32.11-ca-fx-jdk20.0.2-win_x64\bin\zip.dll

dbghelp: loaded successfully - version: 4.0.5 - missing functions: none
symbol engine: initialized successfully - sym options: 0x614 - pdb path: .;C:\Program Files (x86)\JAVAFX\zulu20.32.11-ca-fx-jdk20.0.2-win_x64\bin;C:\WINDOWS\SYSTEM32;C:\WINDOWS\WinSxS\amd64_microsoft.windows.common-controls_6595b64144ccf1df_6.0.26100.4484_none_3e0e6d4ce32ef3b3;C:\Program Files (x86)\JAVAFX\zulu20.32.11-ca-fx-jdk20.0.2-win_x64\bin\server

VM Arguments:
jvm_args: -Dapplication.home=C:\Program Files (x86)\JAVAFX\zulu20.32.11-ca-fx-jdk20.0.2-win_x64 --add-modules=ALL-DEFAULT -Xms8m -Djdk.module.main=jdk.compiler 
java_command: jdk.compiler/com.sun.tools.javac.Main -d C:\Users\Bijoy\OneDrive\Documents\NetBeansProjects\CinXo\build\classes -classpath C:\Users\Bijoy\OneDrive\Documents\NetBeansProjects\CinXo\build\classes;C:\Users\Bijoy\OneDrive\Documents\fontawesomefx-8.2.jar;C:\Users\Bijoy\Downloads\mysql-connector-j-9.3.0.jar;C:\Users\Bijoy\Downloads\ojdbc11.jar -sourcepath C:\Users\Bijoy\OneDrive\Documents\NetBeansProjects\CinXo\build\empty -target 20 -encoding UTF-8 -g -processorpath C:\Users\Bijoy\OneDrive\Documents\fontawesomefx-8.2.jar;C:\Users\Bijoy\Downloads\mysql-connector-j-9.3.0.jar;C:\Users\Bijoy\Downloads\ojdbc11.jar;C:\Users\Bijoy\OneDrive\Documents\NetBeansProjects\CinXo\build\empty -s C:\Users\Bijoy\OneDrive\Documents\NetBeansProjects\CinXo\build\generated-sources\ap-source-output -source 20 C:\Users\Bijoy\OneDrive\Documents\NetBeansProjects\CinXo\src\cinxo\CinXo.java C:\Users\Bijoy\OneDrive\Documents\NetBeansProjects\CinXo\src\cinxo\Database.java C:\Users\Bijoy\OneDrive\Documents\NetBeansProjects\CinXo\src\cinxo\FXMLDocumentController.java
java_class_path (initial): <not set>
Launcher Type: SUN_STANDARD

[Global flags]
     intx CICompilerCount                          = 4                                         {product} {ergonomic}
     uint ConcGCThreads                            = 2                                         {product} {ergonomic}
     uint G1ConcRefinementThreads                  = 8                                         {product} {ergonomic}
   size_t G1HeapRegionSize                         = 2097152                                   {product} {ergonomic}
    uintx GCDrainStackTargetSize                   = 64                                        {product} {ergonomic}
   size_t InitialHeapSize                          = 8388608                                   {product} {command line}
   size_t MarkStackSize                            = 4194304                                   {product} {ergonomic}
   size_t MaxHeapSize                              = 3170893824                                {product} {ergonomic}
   size_t MaxNewSize                               = 1902116864                                {product} {ergonomic}
   size_t MinHeapDeltaBytes                        = 2097152                                   {product} {ergonomic}
   size_t MinHeapSize                              = 8388608                                   {product} {command line}
    uintx NonNMethodCodeHeapSize                   = 5839372                                {pd product} {ergonomic}
    uintx NonProfiledCodeHeapSize                  = 122909434                              {pd product} {ergonomic}
    uintx ProfiledCodeHeapSize                     = 122909434                              {pd product} {ergonomic}
    uintx ReservedCodeCacheSize                    = 251658240                              {pd product} {ergonomic}
     bool SegmentedCodeCache                       = true                                      {product} {ergonomic}
   size_t SoftMaxHeapSize                          = 3170893824                             {manageable} {ergonomic}
     bool UseCompressedClassPointers               = true                           {product lp64_product} {ergonomic}
     bool UseCompressedOops                        = true                           {product lp64_product} {ergonomic}
     bool UseG1GC                                  = true                                      {product} {ergonomic}
     bool UseLargePagesIndividualAllocation        = false                                  {pd product} {ergonomic}

Logging:
Log output configuration:
 #0: stdout all=warning uptime,level,tags foldmultilines=false
 #1: stderr all=off uptime,level,tags foldmultilines=false

Environment Variables:
PATH=C:\Program Files\Common Files\Oracle\Java\javapath;C:\Program Files (x86)\Common Files\Oracle\Java\javapath;C:\WINDOWS\system32;C:\WINDOWS;C:\WINDOWS\System32\Wbem;C:\WINDOWS\System32\WindowsPowerShell\v1.0\;C:\WINDOWS\System32\OpenSSH\;C:\Program Files\nodejs\;C:\Program Files\Git\cmd;C:\Users\Bijoy\AppData\Local\Microsoft\WindowsApps;C:\Users\Bijoy\AppData\Local\Programs\Microsoft VS Code\bin;C:\Users\Bijoy\AppData\Roaming\npm;C:\Users\Bijoy\AppData\Local\GitHubDesktop\bin
USERNAME=Bijoy
OS=Windows_NT
PROCESSOR_IDENTIFIER=Intel64 Family 6 Model 142 Stepping 12, GenuineIntel
TMP=C:\Users\Bijoy\AppData\Local\Temp
TEMP=C:\Users\Bijoy\AppData\Local\Temp




---------------  S Y S T E M  ---------------

OS:
 Windows 11 , 64 bit Build 26100 (10.0.26100.4484)
OS uptime: 1 days 14:06 hours

CPU: total 8 (initial active 8) (4 cores per cpu, 2 threads per core) family 6 model 142 stepping 12 microcode 0xfa, cx8, cmov, fxsr, ht, mmx, 3dnowpref, sse, sse2, sse3, ssse3, sse4.1, sse4.2, popcnt, lzcnt, tsc, tscinvbit, avx, avx2, aes, erms, clmul, bmi1, bmi2, adx, fma, vzeroupper, clflush, clflushopt, rdtscp, f16c

Memory: 4k page, system-wide physical 12094M (2704M free)
TotalPageFile size 14094M (AvailPageFile size 3M)
current process WorkingSet (physical memory assigned to process): 106M, peak: 107M
current process commit charge ("private bytes"): 136M, peak: 138M

vm_info: OpenJDK 64-Bit Server VM (20.0.2+9) for windows-amd64 JRE (20.0.2+9) (Zulu20.32+11-CA), built on 2023-06-21T20:13:48Z by "zulu_re" with MS VC++ 16.10 / 16.11 (VS2019)

END.
