#
# There is insufficient memory for the Java Runtime Environment to continue.
# Native memory allocation (malloc) failed to allocate 645232 bytes for Chunk::new
# Possible reasons:
#   The system is out of physical RAM or swap space
#   The process is running with CompressedOops enabled, and the Java Heap may be blocking the growth of the native heap
# Possible solutions:
#   Reduce memory load on the system
#   Increase physical memory or swap space
#   Check if swap backing store is full
#   Decrease Java heap size (-Xmx/-Xms)
#   Decrease number of Java threads
#   Decrease Java thread stack sizes (-Xss)
#   Set larger code cache with -XX:ReservedCodeCacheSize=
#   JVM is running with Zero Based Compressed Oops mode in which the Java heap is
#     placed in the first 32GB address space. The Java Heap base address is the
#     maximum limit for the native heap growth. Please use -XX:HeapBaseMinAddress
#     to set the Java Heap base and to place the Java Heap above 32GB virtual address.
# This output file may be truncated or incomplete.
#
#  Out of Memory Error (arena.cpp:184), pid=12204, tid=26464
#
# JRE version: OpenJDK Runtime Environment Zulu20.32+11-CA (20.0.2+9) (build 20.0.2+9)
# Java VM: OpenJDK 64-Bit Server VM Zulu20.32+11-CA (20.0.2+9, mixed mode, sharing, tiered, compressed oops, compressed class ptrs, g1 gc, windows-amd64)
# No core dump will be written. Minidumps are not enabled by default on client versions of Windows
#

---------------  S U M M A R Y ------------

Command Line: -Dant.home=C:\Program Files\NetBeans-18\netbeans\extide\ant\bin\.. org.apache.tools.ant.launch.Launcher -f C:\Users\Bijoy\OneDrive\Documents\NetBeansProjects\CinXo\build.xml -Dant.rerun 1 jfx-project-rebuild

Host: Intel(R) Core(TM) i5-8365U CPU @ 1.60GHz, 8 cores, 11G,  Windows 11 , 64 bit Build 26100 (10.0.26100.4484)
Time: Mon Jul 28 00:26:46 2025 Bangladesh Standard Time elapsed time: 5.142375 seconds (0d 0h 0m 5s)

---------------  T H R E A D  ---------------

Current thread (0x00000216ecf30390):  JavaThread "C2 CompilerThread2" daemon [_thread_in_native, id=26464, stack(0x000000410f700000,0x000000410f800000)]


Current CompileTask:
C2:   5142 1879   !   4       com.sun.org.apache.xerces.internal.impl.XMLDocumentFragmentScannerImpl$FragmentContentDriver::next (2331 bytes)

Stack: [0x000000410f700000,0x000000410f800000]
Native frames: (J=compiled Java code, j=interpreted, Vv=VM code, C=native code)
V  [jvm.dll+0x6c4e3a]
V  [jvm.dll+0x8a373c]
V  [jvm.dll+0x8a5345]
V  [jvm.dll+0x8a5a43]
V  [jvm.dll+0x284e1f]
V  [jvm.dll+0xc4a81]
V  [jvm.dll+0xc4d95]
V  [jvm.dll+0x3c179b]
V  [jvm.dll+0x38ba47]
V  [jvm.dll+0x38aeca]
V  [jvm.dll+0x24edab]
V  [jvm.dll+0x24e1a1]
V  [jvm.dll+0x1d0d31]
V  [jvm.dll+0x25dacb]
V  [jvm.dll+0x25c1b0]
V  [jvm.dll+0x3f94d5]
V  [jvm.dll+0x84f8b6]
V  [jvm.dll+0x6c3a9b]
C  [ucrtbase.dll+0x37b0]
C  [KERNEL32.DLL+0x2e8d7]
C  [ntdll.dll+0x3c34c]


---------------  P R O C E S S  ---------------

Threads class SMR info:
_java_thread_list=0x00000216f123f540, length=13, elements={
0x00000216cdcddd00, 0x00000216ecf0ecf0, 0x00000216ecf11840, 0x00000216ecf15250,
0x00000216ecf16240, 0x00000216ecf16790, 0x00000216ecf147b0, 0x00000216ecf26130,
0x00000216ecf31f60, 0x00000216ecf16ce0, 0x00000216ecf13d10, 0x00000216ecf33010,
0x00000216ecf30390
}

Java Threads: ( => current thread )
  0x00000216cdcddd00 JavaThread "main" [_thread_in_Java, id=20824, stack(0x000000410e400000,0x000000410e500000)]
  0x00000216ecf0ecf0 JavaThread "Reference Handler" daemon [_thread_blocked, id=21924, stack(0x000000410eb00000,0x000000410ec00000)]
  0x00000216ecf11840 JavaThread "Finalizer" daemon [_thread_blocked, id=25476, stack(0x000000410ec00000,0x000000410ed00000)]
  0x00000216ecf15250 JavaThread "Signal Dispatcher" daemon [_thread_blocked, id=17924, stack(0x000000410ed00000,0x000000410ee00000)]
  0x00000216ecf16240 JavaThread "Attach Listener" daemon [_thread_blocked, id=24028, stack(0x000000410ee00000,0x000000410ef00000)]
  0x00000216ecf16790 JavaThread "Service Thread" daemon [_thread_blocked, id=13672, stack(0x000000410ef00000,0x000000410f000000)]
  0x00000216ecf147b0 JavaThread "Monitor Deflation Thread" daemon [_thread_blocked, id=26480, stack(0x000000410f000000,0x000000410f100000)]
  0x00000216ecf26130 JavaThread "C2 CompilerThread0" daemon [_thread_in_native, id=3452, stack(0x000000410f100000,0x000000410f200000)]
  0x00000216ecf31f60 JavaThread "C1 CompilerThread0" daemon [_thread_in_native, id=18512, stack(0x000000410f200000,0x000000410f300000)]
  0x00000216ecf16ce0 JavaThread "Notification Thread" daemon [_thread_blocked, id=15784, stack(0x000000410f300000,0x000000410f400000)]
  0x00000216ecf13d10 JavaThread "Common-Cleaner" daemon [_thread_blocked, id=25880, stack(0x000000410f500000,0x000000410f600000)]
  0x00000216ecf33010 JavaThread "C2 CompilerThread1" daemon [_thread_in_native, id=25128, stack(0x000000410f600000,0x000000410f700000)]
=>0x00000216ecf30390 JavaThread "C2 CompilerThread2" daemon [_thread_in_native, id=26464, stack(0x000000410f700000,0x000000410f800000)]

Other Threads:
  0x00000216eceeb890 VMThread "VM Thread" [stack: 0x000000410ea00000,0x000000410eb00000] [id=11752]
  0x00000216f126eb00 WatcherThread "VM Periodic Task Thread" [stack: 0x000000410f400000,0x000000410f500000] [id=9360]
  0x00000216cdd38ed0 WorkerThread "GC Thread#0" [stack: 0x000000410e500000,0x000000410e600000] [id=14936]
  0x00000216f18fc0e0 WorkerThread "GC Thread#1" [stack: 0x000000410f800000,0x000000410f900000] [id=16184]
  0x00000216f18fc3b0 WorkerThread "GC Thread#2" [stack: 0x000000410f900000,0x000000410fa00000] [id=13712]
  0x00000216f1ab69e0 WorkerThread "GC Thread#3" [stack: 0x000000410fa00000,0x000000410fb00000] [id=23648]
  0x00000216f1ab6cb0 WorkerThread "GC Thread#4" [stack: 0x000000410fb00000,0x000000410fc00000] [id=18500]
  0x00000216f1ab6710 WorkerThread "GC Thread#5" [stack: 0x000000410fc00000,0x000000410fd00000] [id=20460]
  0x00000216f1ab6f80 WorkerThread "GC Thread#6" [stack: 0x000000410fd00000,0x000000410fe00000] [id=21860]
  0x00000216cdd46b70 ConcurrentGCThread "G1 Main Marker" [stack: 0x000000410e600000,0x000000410e700000] [id=25660]
  0x00000216cdd48410 WorkerThread "G1 Conc#0" [stack: 0x000000410e700000,0x000000410e800000] [id=15968]
  0x00000216cdd9e260 ConcurrentGCThread "G1 Refine#0" [stack: 0x000000410e800000,0x000000410e900000] [id=2648]
  0x00000216cdd9eba0 ConcurrentGCThread "G1 Service" [stack: 0x000000410e900000,0x000000410ea00000] [id=2496]

Threads with active compile tasks:
C2 CompilerThread0     5214 1979       4       java.util.Collections$UnmodifiableCollection$1::hasNext (10 bytes)
C1 CompilerThread0     5214 1978       3       org.apache.tools.ant.taskdefs.Ant::lambda$addAlmostAll$3 (120 bytes)
C2 CompilerThread1     5214 1973       4       java.util.HashMap::resize (356 bytes)
C2 CompilerThread2     5215 1879   !   4       com.sun.org.apache.xerces.internal.impl.XMLDocumentFragmentScannerImpl$FragmentContentDriver::next (2331 bytes)

VM state: not at safepoint (normal execution)

VM Mutex/Monitor currently owned by a thread: None

Heap address: 0x0000000743000000, size: 3024 MB, Compressed Oops mode: Zero based, Oop shift amount: 3

CDS archive(s) mapped at: [0x0000021680000000-0x0000021680c70000-0x0000021680c70000), size 13041664, SharedBaseAddress: 0x0000021680000000, ArchiveRelocationMode: 1.
Compressed class space mapped at: 0x0000021681000000-0x00000216c1000000, reserved size: 1073741824
Narrow klass base: 0x0000021680000000, Narrow klass shift: 0, Narrow klass range: 0x100000000

GC Precious Log:
 CardTable entry size: 512
 Card Set container configuration: InlinePtr #cards 4 size 8 Array Of Cards #cards 16 size 48 Howl #buckets 8 coarsen threshold 3686 Howl Bitmap #cards 512 size 80 coarsen threshold 460 Card regions per heap region 1 cards per card region 4096
 CPUs: 8 total, 8 available
 Memory: 12094M
 Large Page Support: Disabled
 NUMA Support: Disabled
 Compressed Oops: Enabled (Zero based)
 Heap Region Size: 2M
 Heap Min Capacity: 8M
 Heap Initial Capacity: 190M
 Heap Max Capacity: 3024M
 Pre-touch: Disabled
 Parallel Workers: 8
 Concurrent Workers: 2
 Concurrent Refinement Workers: 8
 Periodic GC: Disabled

Heap:
 garbage-first heap   total 194560K, used 21637K [0x0000000743000000, 0x0000000800000000)
  region size 2048K, 12 young (24576K), 2 survivors (4096K)
 Metaspace       used 6086K, committed 6336K, reserved 1114112K
  class space    used 616K, committed 768K, reserved 1048576K

Heap Regions: E=young(eden), S=young(survivor), O=old, HS=humongous(starts), HC=humongous(continues), CS=collection set, F=free, OA=open archive, CA=closed archive, TAMS=top-at-mark-start, PB=parsable bottom
|   0|0x0000000743000000, 0x0000000743121600, 0x0000000743200000| 56%| O|  |TAMS 0x0000000743000000| PB 0x0000000743000000| Untracked 
|   1|0x0000000743200000, 0x0000000743200000, 0x0000000743400000|  0%| F|  |TAMS 0x0000000743200000| PB 0x0000000743200000| Untracked 
|   2|0x0000000743400000, 0x0000000743400000, 0x0000000743600000|  0%| F|  |TAMS 0x0000000743400000| PB 0x0000000743400000| Untracked 
|   3|0x0000000743600000, 0x0000000743600000, 0x0000000743800000|  0%| F|  |TAMS 0x0000000743600000| PB 0x0000000743600000| Untracked 
|   4|0x0000000743800000, 0x0000000743800000, 0x0000000743a00000|  0%| F|  |TAMS 0x0000000743800000| PB 0x0000000743800000| Untracked 
|   5|0x0000000743a00000, 0x0000000743a00000, 0x0000000743c00000|  0%| F|  |TAMS 0x0000000743a00000| PB 0x0000000743a00000| Untracked 
|   6|0x0000000743c00000, 0x0000000743c00000, 0x0000000743e00000|  0%| F|  |TAMS 0x0000000743c00000| PB 0x0000000743c00000| Untracked 
|   7|0x0000000743e00000, 0x0000000743e00000, 0x0000000744000000|  0%| F|  |TAMS 0x0000000743e00000| PB 0x0000000743e00000| Untracked 
|   8|0x0000000744000000, 0x0000000744000000, 0x0000000744200000|  0%| F|  |TAMS 0x0000000744000000| PB 0x0000000744000000| Untracked 
|   9|0x0000000744200000, 0x0000000744200000, 0x0000000744400000|  0%| F|  |TAMS 0x0000000744200000| PB 0x0000000744200000| Untracked 
|  10|0x0000000744400000, 0x0000000744400000, 0x0000000744600000|  0%| F|  |TAMS 0x0000000744400000| PB 0x0000000744400000| Untracked 
|  11|0x0000000744600000, 0x0000000744600000, 0x0000000744800000|  0%| F|  |TAMS 0x0000000744600000| PB 0x0000000744600000| Untracked 
|  12|0x0000000744800000, 0x0000000744800000, 0x0000000744a00000|  0%| F|  |TAMS 0x0000000744800000| PB 0x0000000744800000| Untracked 
|  13|0x0000000744a00000, 0x0000000744a00000, 0x0000000744c00000|  0%| F|  |TAMS 0x0000000744a00000| PB 0x0000000744a00000| Untracked 
|  14|0x0000000744c00000, 0x0000000744c00000, 0x0000000744e00000|  0%| F|  |TAMS 0x0000000744c00000| PB 0x0000000744c00000| Untracked 
|  15|0x0000000744e00000, 0x0000000744e00000, 0x0000000745000000|  0%| F|  |TAMS 0x0000000744e00000| PB 0x0000000744e00000| Untracked 
|  16|0x0000000745000000, 0x0000000745000000, 0x0000000745200000|  0%| F|  |TAMS 0x0000000745000000| PB 0x0000000745000000| Untracked 
|  17|0x0000000745200000, 0x0000000745200000, 0x0000000745400000|  0%| F|  |TAMS 0x0000000745200000| PB 0x0000000745200000| Untracked 
|  18|0x0000000745400000, 0x0000000745400000, 0x0000000745600000|  0%| F|  |TAMS 0x0000000745400000| PB 0x0000000745400000| Untracked 
|  19|0x0000000745600000, 0x0000000745600000, 0x0000000745800000|  0%| F|  |TAMS 0x0000000745600000| PB 0x0000000745600000| Untracked 
|  20|0x0000000745800000, 0x0000000745800000, 0x0000000745a00000|  0%| F|  |TAMS 0x0000000745800000| PB 0x0000000745800000| Untracked 
|  21|0x0000000745a00000, 0x0000000745a00000, 0x0000000745c00000|  0%| F|  |TAMS 0x0000000745a00000| PB 0x0000000745a00000| Untracked 
|  22|0x0000000745c00000, 0x0000000745c00000, 0x0000000745e00000|  0%| F|  |TAMS 0x0000000745c00000| PB 0x0000000745c00000| Untracked 
|  23|0x0000000745e00000, 0x0000000745e00000, 0x0000000746000000|  0%| F|  |TAMS 0x0000000745e00000| PB 0x0000000745e00000| Untracked 
|  24|0x0000000746000000, 0x0000000746000000, 0x0000000746200000|  0%| F|  |TAMS 0x0000000746000000| PB 0x0000000746000000| Untracked 
|  25|0x0000000746200000, 0x0000000746200000, 0x0000000746400000|  0%| F|  |TAMS 0x0000000746200000| PB 0x0000000746200000| Untracked 
|  26|0x0000000746400000, 0x0000000746400000, 0x0000000746600000|  0%| F|  |TAMS 0x0000000746400000| PB 0x0000000746400000| Untracked 
|  27|0x0000000746600000, 0x0000000746600000, 0x0000000746800000|  0%| F|  |TAMS 0x0000000746600000| PB 0x0000000746600000| Untracked 
|  28|0x0000000746800000, 0x0000000746800000, 0x0000000746a00000|  0%| F|  |TAMS 0x0000000746800000| PB 0x0000000746800000| Untracked 
|  29|0x0000000746a00000, 0x0000000746a00000, 0x0000000746c00000|  0%| F|  |TAMS 0x0000000746a00000| PB 0x0000000746a00000| Untracked 
|  30|0x0000000746c00000, 0x0000000746c00000, 0x0000000746e00000|  0%| F|  |TAMS 0x0000000746c00000| PB 0x0000000746c00000| Untracked 
|  31|0x0000000746e00000, 0x0000000746e00000, 0x0000000747000000|  0%| F|  |TAMS 0x0000000746e00000| PB 0x0000000746e00000| Untracked 
|  32|0x0000000747000000, 0x0000000747000000, 0x0000000747200000|  0%| F|  |TAMS 0x0000000747000000| PB 0x0000000747000000| Untracked 
|  33|0x0000000747200000, 0x0000000747200000, 0x0000000747400000|  0%| F|  |TAMS 0x0000000747200000| PB 0x0000000747200000| Untracked 
|  34|0x0000000747400000, 0x0000000747400000, 0x0000000747600000|  0%| F|  |TAMS 0x0000000747400000| PB 0x0000000747400000| Untracked 
|  35|0x0000000747600000, 0x0000000747600000, 0x0000000747800000|  0%| F|  |TAMS 0x0000000747600000| PB 0x0000000747600000| Untracked 
|  36|0x0000000747800000, 0x0000000747800000, 0x0000000747a00000|  0%| F|  |TAMS 0x0000000747800000| PB 0x0000000747800000| Untracked 
|  37|0x0000000747a00000, 0x0000000747a00000, 0x0000000747c00000|  0%| F|  |TAMS 0x0000000747a00000| PB 0x0000000747a00000| Untracked 
|  38|0x0000000747c00000, 0x0000000747c00000, 0x0000000747e00000|  0%| F|  |TAMS 0x0000000747c00000| PB 0x0000000747c00000| Untracked 
|  39|0x0000000747e00000, 0x0000000747e00000, 0x0000000748000000|  0%| F|  |TAMS 0x0000000747e00000| PB 0x0000000747e00000| Untracked 
|  40|0x0000000748000000, 0x0000000748000000, 0x0000000748200000|  0%| F|  |TAMS 0x0000000748000000| PB 0x0000000748000000| Untracked 
|  41|0x0000000748200000, 0x0000000748200000, 0x0000000748400000|  0%| F|  |TAMS 0x0000000748200000| PB 0x0000000748200000| Untracked 
|  42|0x0000000748400000, 0x0000000748400000, 0x0000000748600000|  0%| F|  |TAMS 0x0000000748400000| PB 0x0000000748400000| Untracked 
|  43|0x0000000748600000, 0x0000000748600000, 0x0000000748800000|  0%| F|  |TAMS 0x0000000748600000| PB 0x0000000748600000| Untracked 
|  44|0x0000000748800000, 0x0000000748800000, 0x0000000748a00000|  0%| F|  |TAMS 0x0000000748800000| PB 0x0000000748800000| Untracked 
|  45|0x0000000748a00000, 0x0000000748a00000, 0x0000000748c00000|  0%| F|  |TAMS 0x0000000748a00000| PB 0x0000000748a00000| Untracked 
|  46|0x0000000748c00000, 0x0000000748c00000, 0x0000000748e00000|  0%| F|  |TAMS 0x0000000748c00000| PB 0x0000000748c00000| Untracked 
|  47|0x0000000748e00000, 0x0000000748e00000, 0x0000000749000000|  0%| F|  |TAMS 0x0000000748e00000| PB 0x0000000748e00000| Untracked 
|  48|0x0000000749000000, 0x0000000749000000, 0x0000000749200000|  0%| F|  |TAMS 0x0000000749000000| PB 0x0000000749000000| Untracked 
|  49|0x0000000749200000, 0x0000000749200000, 0x0000000749400000|  0%| F|  |TAMS 0x0000000749200000| PB 0x0000000749200000| Untracked 
|  50|0x0000000749400000, 0x0000000749400000, 0x0000000749600000|  0%| F|  |TAMS 0x0000000749400000| PB 0x0000000749400000| Untracked 
|  51|0x0000000749600000, 0x0000000749600000, 0x0000000749800000|  0%| F|  |TAMS 0x0000000749600000| PB 0x0000000749600000| Untracked 
|  52|0x0000000749800000, 0x0000000749800000, 0x0000000749a00000|  0%| F|  |TAMS 0x0000000749800000| PB 0x0000000749800000| Untracked 
|  53|0x0000000749a00000, 0x0000000749a00000, 0x0000000749c00000|  0%| F|  |TAMS 0x0000000749a00000| PB 0x0000000749a00000| Untracked 
|  54|0x0000000749c00000, 0x0000000749c00000, 0x0000000749e00000|  0%| F|  |TAMS 0x0000000749c00000| PB 0x0000000749c00000| Untracked 
|  55|0x0000000749e00000, 0x0000000749e00000, 0x000000074a000000|  0%| F|  |TAMS 0x0000000749e00000| PB 0x0000000749e00000| Untracked 
|  56|0x000000074a000000, 0x000000074a000000, 0x000000074a200000|  0%| F|  |TAMS 0x000000074a000000| PB 0x000000074a000000| Untracked 
|  57|0x000000074a200000, 0x000000074a200000, 0x000000074a400000|  0%| F|  |TAMS 0x000000074a200000| PB 0x000000074a200000| Untracked 
|  58|0x000000074a400000, 0x000000074a400000, 0x000000074a600000|  0%| F|  |TAMS 0x000000074a400000| PB 0x000000074a400000| Untracked 
|  59|0x000000074a600000, 0x000000074a600000, 0x000000074a800000|  0%| F|  |TAMS 0x000000074a600000| PB 0x000000074a600000| Untracked 
|  60|0x000000074a800000, 0x000000074a800000, 0x000000074aa00000|  0%| F|  |TAMS 0x000000074a800000| PB 0x000000074a800000| Untracked 
|  61|0x000000074aa00000, 0x000000074aa00000, 0x000000074ac00000|  0%| F|  |TAMS 0x000000074aa00000| PB 0x000000074aa00000| Untracked 
|  62|0x000000074ac00000, 0x000000074ac00000, 0x000000074ae00000|  0%| F|  |TAMS 0x000000074ac00000| PB 0x000000074ac00000| Untracked 
|  63|0x000000074ae00000, 0x000000074ae00000, 0x000000074b000000|  0%| F|  |TAMS 0x000000074ae00000| PB 0x000000074ae00000| Untracked 
|  64|0x000000074b000000, 0x000000074b000000, 0x000000074b200000|  0%| F|  |TAMS 0x000000074b000000| PB 0x000000074b000000| Untracked 
|  65|0x000000074b200000, 0x000000074b200000, 0x000000074b400000|  0%| F|  |TAMS 0x000000074b200000| PB 0x000000074b200000| Untracked 
|  66|0x000000074b400000, 0x000000074b400000, 0x000000074b600000|  0%| F|  |TAMS 0x000000074b400000| PB 0x000000074b400000| Untracked 
|  67|0x000000074b600000, 0x000000074b600000, 0x000000074b800000|  0%| F|  |TAMS 0x000000074b600000| PB 0x000000074b600000| Untracked 
|  68|0x000000074b800000, 0x000000074b800000, 0x000000074ba00000|  0%| F|  |TAMS 0x000000074b800000| PB 0x000000074b800000| Untracked 
|  69|0x000000074ba00000, 0x000000074ba00000, 0x000000074bc00000|  0%| F|  |TAMS 0x000000074ba00000| PB 0x000000074ba00000| Untracked 
|  70|0x000000074bc00000, 0x000000074bc00000, 0x000000074be00000|  0%| F|  |TAMS 0x000000074bc00000| PB 0x000000074bc00000| Untracked 
|  71|0x000000074be00000, 0x000000074be00000, 0x000000074c000000|  0%| F|  |TAMS 0x000000074be00000| PB 0x000000074be00000| Untracked 
|  72|0x000000074c000000, 0x000000074c000000, 0x000000074c200000|  0%| F|  |TAMS 0x000000074c000000| PB 0x000000074c000000| Untracked 
|  73|0x000000074c200000, 0x000000074c200000, 0x000000074c400000|  0%| F|  |TAMS 0x000000074c200000| PB 0x000000074c200000| Untracked 
|  74|0x000000074c400000, 0x000000074c400000, 0x000000074c600000|  0%| F|  |TAMS 0x000000074c400000| PB 0x000000074c400000| Untracked 
|  75|0x000000074c600000, 0x000000074c600000, 0x000000074c800000|  0%| F|  |TAMS 0x000000074c600000| PB 0x000000074c600000| Untracked 
|  76|0x000000074c800000, 0x000000074c800000, 0x000000074ca00000|  0%| F|  |TAMS 0x000000074c800000| PB 0x000000074c800000| Untracked 
|  77|0x000000074ca00000, 0x000000074ca00000, 0x000000074cc00000|  0%| F|  |TAMS 0x000000074ca00000| PB 0x000000074ca00000| Untracked 
|  78|0x000000074cc00000, 0x000000074cc00000, 0x000000074ce00000|  0%| F|  |TAMS 0x000000074cc00000| PB 0x000000074cc00000| Untracked 
|  79|0x000000074ce00000, 0x000000074ce00000, 0x000000074d000000|  0%| F|  |TAMS 0x000000074ce00000| PB 0x000000074ce00000| Untracked 
|  80|0x000000074d000000, 0x000000074d000000, 0x000000074d200000|  0%| F|  |TAMS 0x000000074d000000| PB 0x000000074d000000| Untracked 
|  81|0x000000074d200000, 0x000000074d200000, 0x000000074d400000|  0%| F|  |TAMS 0x000000074d200000| PB 0x000000074d200000| Untracked 
|  82|0x000000074d400000, 0x000000074d600000, 0x000000074d600000|100%| S|CS|TAMS 0x000000074d400000| PB 0x000000074d400000| Complete 
|  83|0x000000074d600000, 0x000000074d800000, 0x000000074d800000|100%| S|CS|TAMS 0x000000074d600000| PB 0x000000074d600000| Complete 
|  84|0x000000074d800000, 0x000000074d800000, 0x000000074da00000|  0%| F|  |TAMS 0x000000074d800000| PB 0x000000074d800000| Untracked 
|  85|0x000000074da00000, 0x000000074db0bb70, 0x000000074dc00000| 52%| E|  |TAMS 0x000000074da00000| PB 0x000000074da00000| Complete 
|  86|0x000000074dc00000, 0x000000074de00000, 0x000000074de00000|100%| E|CS|TAMS 0x000000074dc00000| PB 0x000000074dc00000| Complete 
|  87|0x000000074de00000, 0x000000074e000000, 0x000000074e000000|100%| E|CS|TAMS 0x000000074de00000| PB 0x000000074de00000| Complete 
|  88|0x000000074e000000, 0x000000074e200000, 0x000000074e200000|100%| E|CS|TAMS 0x000000074e000000| PB 0x000000074e000000| Complete 
|  89|0x000000074e200000, 0x000000074e400000, 0x000000074e400000|100%| E|CS|TAMS 0x000000074e200000| PB 0x000000074e200000| Complete 
|  90|0x000000074e400000, 0x000000074e600000, 0x000000074e600000|100%| E|CS|TAMS 0x000000074e400000| PB 0x000000074e400000| Complete 
|  91|0x000000074e600000, 0x000000074e800000, 0x000000074e800000|100%| E|  |TAMS 0x000000074e600000| PB 0x000000074e600000| Complete 
|  92|0x000000074e800000, 0x000000074ea00000, 0x000000074ea00000|100%| E|CS|TAMS 0x000000074e800000| PB 0x000000074e800000| Complete 
|  93|0x000000074ea00000, 0x000000074ec00000, 0x000000074ec00000|100%| E|CS|TAMS 0x000000074ea00000| PB 0x000000074ea00000| Complete 
|  94|0x000000074ec00000, 0x000000074ee00000, 0x000000074ee00000|100%| E|CS|TAMS 0x000000074ec00000| PB 0x000000074ec00000| Complete 

Card table byte_map: [0x00000216e69e0000,0x00000216e6fd0000] _byte_map_base: 0x00000216e2fc8000

Marking Bits: (CMBitMap*) 0x00000216cdd39500
 Bits: [0x00000216e75c0000, 0x00000216ea500000)

Polling page: 0x00000216cbbc0000

Metaspace:

Usage:
  Non-class:      5.35 MB used.
      Class:    616.90 KB used.
       Both:      5.95 MB used.

Virtual space:
  Non-class space:       64.00 MB reserved,       5.50 MB (  9%) committed,  1 nodes.
      Class space:        1.00 GB reserved,     768.00 KB ( <1%) committed,  1 nodes.
             Both:        1.06 GB reserved,       6.25 MB ( <1%) committed. 

Chunk freelists:
   Non-Class:  1.67 MB
       Class:  3.11 MB
        Both:  4.78 MB

MaxMetaspaceSize: unlimited
CompressedClassSpaceSize: 1.00 GB
Initial GC threshold: 21.00 MB
Current GC threshold: 21.00 MB
CDS: on
MetaspaceReclaimPolicy: balanced
 - commit_granule_bytes: 65536.
 - commit_granule_words: 8192.
 - virtual_space_node_default_size: 8388608.
 - enlarge_chunks_in_place: 1.
 - new_chunks_are_fully_committed: 0.
 - uncommit_free_chunks: 1.
 - use_allocation_guard: 0.


Internal statistics:

num_allocs_failed_limit: 0.
num_arena_births: 172.
num_arena_deaths: 0.
num_vsnodes_births: 2.
num_vsnodes_deaths: 0.
num_space_committed: 100.
num_space_uncommitted: 0.
num_chunks_returned_to_freelist: 0.
num_chunks_taken_from_freelist: 339.
num_chunk_merges: 0.
num_chunk_splits: 197.
num_chunks_enlarged: 118.
num_inconsistent_stats: 0.

CodeHeap 'non-profiled nmethods': size=120000Kb used=748Kb max_used=748Kb free=119251Kb
 bounds [0x00000216deb90000, 0x00000216dee00000, 0x00000216e60c0000]
CodeHeap 'profiled nmethods': size=120000Kb used=3657Kb max_used=3657Kb free=116342Kb
 bounds [0x00000216d70c0000, 0x00000216d7460000, 0x00000216de5f0000]
CodeHeap 'non-nmethods': size=5760Kb used=1431Kb max_used=1452Kb free=4328Kb
 bounds [0x00000216de5f0000, 0x00000216de860000, 0x00000216deb90000]
 total_blobs=2449 nmethods=1983 adapters=376
 compilation: enabled
              stopped_count=0, restarted_count=0
 full_count=0

Compilation events (20 events):
Event: 2.097 Thread 0x00000216ecf31f60 nmethod 1942 0x00000216d743cd90 code [0x00000216d743cf20, 0x00000216d743d070]
Event: 2.097 Thread 0x00000216ecf31f60 1941       3       java.lang.AbstractStringBuilder::append (77 bytes)
Event: 2.098 Thread 0x00000216ecf31f60 nmethod 1941 0x00000216d743d110 code [0x00000216d743d300, 0x00000216d743d9f8]
Event: 2.099 Thread 0x00000216ecf26130 nmethod 1912 0x00000216dec47810 code [0x00000216dec47980, 0x00000216dec47a78]
Event: 2.099 Thread 0x00000216ecf31f60 1943       3       java.util.HashMap$EntryIterator::next (5 bytes)
Event: 2.100 Thread 0x00000216ecf31f60 nmethod 1943 0x00000216d743dc90 code [0x00000216d743de20, 0x00000216d743dfb0]
Event: 2.100 Thread 0x00000216ecf31f60 1944       3       java.util.HashMap$EntryIterator::next (5 bytes)
Event: 2.100 Thread 0x00000216ecf31f60 nmethod 1944 0x00000216d743e090 code [0x00000216d743e220, 0x00000216d743e358]
Event: 2.101 Thread 0x00000216ecf31f60 1945       3       java.lang.invoke.MethodHandles$Lookup::checkSecurityManager (97 bytes)
Event: 2.102 Thread 0x00000216ecf31f60 nmethod 1945 0x00000216d743e410 code [0x00000216d743e5e0, 0x00000216d743eae8]
Event: 2.102 Thread 0x00000216ecf31f60 1947       3       java.lang.invoke.MethodHandleNatives::findMethodHandleType (7 bytes)
Event: 2.102 Thread 0x00000216ecf31f60 nmethod 1947 0x00000216d743ec90 code [0x00000216d743ee20, 0x00000216d743ef38]
Event: 2.103 Thread 0x00000216ecf31f60 1946       3       java.lang.invoke.MethodType::dropParameterTypes (162 bytes)
Event: 2.104 Thread 0x00000216ecf31f60 nmethod 1946 0x00000216d743f010 code [0x00000216d743f2e0, 0x00000216d74401b8]
Event: 2.105 Thread 0x00000216ecf31f60 1949       3       jdk.internal.org.objectweb.asm.MethodWriter::visitCode (1 bytes)
Event: 2.105 Thread 0x00000216ecf31f60 nmethod 1949 0x00000216d7440690 code [0x00000216d7440820, 0x00000216d7440930]
Event: 2.105 Thread 0x00000216ecf31f60 1950       3       java.lang.invoke.MethodHandles$Lookup::<init> (84 bytes)
Event: 2.105 Thread 0x00000216ecf31f60 nmethod 1950 0x00000216d7440990 code [0x00000216d7440b20, 0x00000216d7440d78]
Event: 2.107 Thread 0x00000216ecf31f60 1951       3       java.io.File::isInvalid (47 bytes)
Event: 2.108 Thread 0x00000216ecf31f60 nmethod 1951 0x00000216d7440e10 code [0x00000216d7440fc0, 0x00000216d7441298]

GC Heap History (2 events):
Event: 1.319 GC heap before
{Heap before GC invocations=0 (full 0):
 garbage-first heap   total 194560K, used 22528K [0x0000000743000000, 0x0000000800000000)
  region size 2048K, 11 young (22528K), 0 survivors (0K)
 Metaspace       used 4446K, committed 4608K, reserved 1114112K
  class space    used 417K, committed 512K, reserved 1048576K
}
Event: 1.330 GC heap after
{Heap after GC invocations=1 (full 0):
 garbage-first heap   total 194560K, used 5253K [0x0000000743000000, 0x0000000800000000)
  region size 2048K, 2 young (4096K), 2 survivors (4096K)
 Metaspace       used 4446K, committed 4608K, reserved 1114112K
  class space    used 417K, committed 512K, reserved 1048576K
}

Dll operation events (6 events):
Event: 0.016 Loaded shared library C:\Program Files (x86)\JAVAFX\zulu20.32.11-ca-fx-jdk20.0.2-win_x64\bin\java.dll
Event: 0.044 Loaded shared library C:\Program Files (x86)\JAVAFX\zulu20.32.11-ca-fx-jdk20.0.2-win_x64\bin\jsvml.dll
Event: 0.095 Loaded shared library C:\Program Files (x86)\JAVAFX\zulu20.32.11-ca-fx-jdk20.0.2-win_x64\bin\net.dll
Event: 0.100 Loaded shared library C:\Program Files (x86)\JAVAFX\zulu20.32.11-ca-fx-jdk20.0.2-win_x64\bin\nio.dll
Event: 0.108 Loaded shared library C:\Program Files (x86)\JAVAFX\zulu20.32.11-ca-fx-jdk20.0.2-win_x64\bin\zip.dll
Event: 0.126 Loaded shared library C:\Program Files (x86)\JAVAFX\zulu20.32.11-ca-fx-jdk20.0.2-win_x64\bin\jimage.dll

Deoptimization events (20 events):
Event: 2.082 Thread 0x00000216cdcddd00 Uncommon trap: trap_request=0xffffffde fr.pc=0x00000216dec26640 relative=0x0000000000000920
Event: 2.082 Thread 0x00000216cdcddd00 Uncommon trap: reason=class_check action=maybe_recompile pc=0x00000216dec26640 method=java.util.stream.AbstractPipeline.copyIntoWithCancel(Ljava/util/stream/Sink;Ljava/util/Spliterator;)Z @ 32 c2
Event: 2.082 Thread 0x00000216cdcddd00 DEOPT PACKING pc=0x00000216dec26640 sp=0x000000410e4fd920
Event: 2.082 Thread 0x00000216cdcddd00 DEOPT UNPACKING pc=0x00000216de659d22 sp=0x000000410e4fd7f0 mode 2
Event: 2.082 Thread 0x00000216cdcddd00 Uncommon trap: trap_request=0xffffffde fr.pc=0x00000216dec26640 relative=0x0000000000000920
Event: 2.082 Thread 0x00000216cdcddd00 Uncommon trap: reason=class_check action=maybe_recompile pc=0x00000216dec26640 method=java.util.stream.AbstractPipeline.copyIntoWithCancel(Ljava/util/stream/Sink;Ljava/util/Spliterator;)Z @ 32 c2
Event: 2.082 Thread 0x00000216cdcddd00 DEOPT PACKING pc=0x00000216dec26640 sp=0x000000410e4fd920
Event: 2.082 Thread 0x00000216cdcddd00 DEOPT UNPACKING pc=0x00000216de659d22 sp=0x000000410e4fd7f0 mode 2
Event: 2.082 Thread 0x00000216cdcddd00 Uncommon trap: trap_request=0xffffffde fr.pc=0x00000216dec26640 relative=0x0000000000000920
Event: 2.082 Thread 0x00000216cdcddd00 Uncommon trap: reason=class_check action=maybe_recompile pc=0x00000216dec26640 method=java.util.stream.AbstractPipeline.copyIntoWithCancel(Ljava/util/stream/Sink;Ljava/util/Spliterator;)Z @ 32 c2
Event: 2.082 Thread 0x00000216cdcddd00 DEOPT PACKING pc=0x00000216dec26640 sp=0x000000410e4fd920
Event: 2.082 Thread 0x00000216cdcddd00 DEOPT UNPACKING pc=0x00000216de659d22 sp=0x000000410e4fd7f0 mode 2
Event: 2.086 Thread 0x00000216cdcddd00 Uncommon trap: trap_request=0xffffff45 fr.pc=0x00000216deb9a1c8 relative=0x0000000000000048
Event: 2.086 Thread 0x00000216cdcddd00 Uncommon trap: reason=unstable_if action=reinterpret pc=0x00000216deb9a1c8 method=java.lang.StringLatin1.canEncode(I)Z @ 4 c2
Event: 2.086 Thread 0x00000216cdcddd00 DEOPT PACKING pc=0x00000216deb9a1c8 sp=0x000000410e4fdd80
Event: 2.086 Thread 0x00000216cdcddd00 DEOPT UNPACKING pc=0x00000216de659d22 sp=0x000000410e4fdd10 mode 2
Event: 2.105 Thread 0x00000216cdcddd00 Uncommon trap: trap_request=0xffffffc6 fr.pc=0x00000216dec266e0 relative=0x00000000000009c0
Event: 2.105 Thread 0x00000216cdcddd00 Uncommon trap: reason=bimorphic_or_optimized_type_check action=maybe_recompile pc=0x00000216dec266e0 method=java.util.stream.AbstractPipeline.copyInto(Ljava/util/stream/Sink;Ljava/util/Spliterator;)V @ 20 c2
Event: 2.105 Thread 0x00000216cdcddd00 DEOPT PACKING pc=0x00000216dec266e0 sp=0x000000410e4fe6f0
Event: 2.105 Thread 0x00000216cdcddd00 DEOPT UNPACKING pc=0x00000216de659d22 sp=0x000000410e4fe648 mode 2

Classes loaded (20 events):
Event: 2.075 Loading class sun/text/resources/cldr/FormatData_en_US
Event: 2.075 Loading class sun/text/resources/cldr/FormatData_en_US done
Event: 2.086 Loading class java/text/MessageFormat
Event: 2.086 Loading class java/text/MessageFormat done
Event: 2.092 Loading class java/util/ArrayList$SubList$1
Event: 2.092 Loading class java/util/ArrayList$SubList$1 done
Event: 2.092 Loading class sun/nio/fs/WindowsChannelFactory$2
Event: 2.093 Loading class sun/nio/fs/WindowsChannelFactory$2 done
Event: 2.094 Loading class sun/nio/ch/ChannelOutputStream
Event: 2.094 Loading class sun/nio/ch/ChannelOutputStream done
Event: 2.098 Loading class java/util/stream/StreamSpliterators$InfiniteSupplyingSpliterator$OfRef
Event: 2.098 Loading class java/util/stream/StreamSpliterators$InfiniteSupplyingSpliterator
Event: 2.098 Loading class java/util/stream/StreamSpliterators$InfiniteSupplyingSpliterator done
Event: 2.098 Loading class java/util/stream/StreamSpliterators$InfiniteSupplyingSpliterator$OfRef done
Event: 2.099 Loading class java/util/stream/SliceOps
Event: 2.100 Loading class java/util/stream/SliceOps done
Event: 2.100 Loading class java/util/stream/SliceOps$1
Event: 2.100 Loading class java/util/stream/SliceOps$1 done
Event: 2.105 Loading class java/util/stream/SliceOps$1$1
Event: 2.105 Loading class java/util/stream/SliceOps$1$1 done

Classes unloaded (0 events):
No events

Classes redefined (0 events):
No events

Internal exceptions (20 events):
Event: 0.466 Thread 0x00000216cdcddd00 Exception <a 'java/lang/NoSuchMethodError'{0x000000074e64bd48}: 'java.lang.Object java.lang.invoke.DirectMethodHandle$Holder.invokeSpecialIFC(java.lang.Object, java.lang.Object, java.lang.Object, java.lang.Object)'> (0x000000074e64bd48) 
thrown [s\src\hotspot\share\interpreter\linkResolver.cpp, line 773]
Event: 0.905 Thread 0x00000216cdcddd00 Exception <a 'java/lang/NoSuchMethodError'{0x000000074e37b520}: 'void java.lang.invoke.DirectMethodHandle$Holder.invokeVirtual(java.lang.Object, java.lang.Object)'> (0x000000074e37b520) 
thrown [s\src\hotspot\share\interpreter\linkResolver.cpp, line 773]
Event: 0.906 Thread 0x00000216cdcddd00 Exception <a 'java/lang/NoSuchMethodError'{0x000000074e37ebc0}: 'void java.lang.invoke.DirectMethodHandle$Holder.invokeSpecial(java.lang.Object, java.lang.Object, java.lang.Object)'> (0x000000074e37ebc0) 
thrown [s\src\hotspot\share\interpreter\linkResolver.cpp, line 773]
Event: 0.920 Thread 0x00000216cdcddd00 Exception <a 'java/lang/NoSuchMethodError'{0x000000074e3a48e0}: 'java.lang.Object java.lang.invoke.DirectMethodHandle$Holder.invokeInterface(java.lang.Object, java.lang.Object)'> (0x000000074e3a48e0) 
thrown [s\src\hotspot\share\interpreter\linkResolver.cpp, line 773]
Event: 0.921 Thread 0x00000216cdcddd00 Exception <a 'java/lang/IncompatibleClassChangeError'{0x000000074e3a7df8}: Found class java.lang.Object, but interface was expected> (0x000000074e3a7df8) 
thrown [s\src\hotspot\share\interpreter\linkResolver.cpp, line 840]
Event: 0.931 Thread 0x00000216cdcddd00 Exception <a 'java/lang/NoSuchMethodError'{0x000000074e3c3718}: 'java.lang.Object java.lang.invoke.DirectMethodHandle$Holder.newInvokeSpecial(java.lang.Object, java.lang.Object, java.lang.Object, java.lang.Object, java.lang.Object)'> (0x000000074e3c3718) 
thrown [s\src\hotspot\share\interpreter\linkResolver.cpp, line 773]
Event: 1.231 Thread 0x00000216cdcddd00 Exception <a 'java/lang/ClassNotFoundException'{0x000000074dfe7ab8}: org/apache/tools/ant/helper/DefaultExecutor> (0x000000074dfe7ab8) 
thrown [s\src\hotspot\share\classfile\systemDictionary.cpp, line 305]
Event: 1.433 Thread 0x00000216cdcddd00 Exception <a 'java/lang/NoSuchMethodError'{0x000000074e9826a8}: 'int java.lang.invoke.DirectMethodHandle$Holder.invokeInterface(java.lang.Object, java.lang.Object)'> (0x000000074e9826a8) 
thrown [s\src\hotspot\share\interpreter\linkResolver.cpp, line 773]
Event: 1.447 Thread 0x00000216cdcddd00 Exception <a 'java/lang/NoSuchMethodError'{0x000000074e9d4270}: 'void java.lang.invoke.DirectMethodHandle$Holder.invokeVirtual(java.lang.Object, java.lang.Object, int)'> (0x000000074e9d4270) 
thrown [s\src\hotspot\share\interpreter\linkResolver.cpp, line 773]
Event: 1.449 Thread 0x00000216cdcddd00 Exception <a 'java/lang/NoSuchMethodError'{0x000000074e9d8c08}: 'int java.lang.invoke.DirectMethodHandle$Holder.invokeSpecial(java.lang.Object, java.lang.Object, java.lang.Object, int)'> (0x000000074e9d8c08) 
thrown [s\src\hotspot\share\interpreter\linkResolver.cpp, line 773]
Event: 1.452 Thread 0x00000216cdcddd00 Exception <a 'java/lang/NoSuchMethodError'{0x000000074e9eb2a8}: 'java.lang.Object java.lang.invoke.DirectMethodHandle$Holder.invokeStatic(java.lang.Object, java.lang.Object, java.lang.Object, java.lang.Object, int)'> (0x000000074e9eb2a8) 
thrown [s\src\hotspot\share\interpreter\linkResolver.cpp, line 773]
Event: 1.454 Thread 0x00000216cdcddd00 Exception <a 'java/lang/NoSuchMethodError'{0x000000074e9f6100}: 'void java.lang.invoke.DelegatingMethodHandle$Holder.reinvoke_L(java.lang.Object, java.lang.Object, int)'> (0x000000074e9f6100) 
thrown [s\src\hotspot\share\interpreter\linkResolver.cpp, line 773]
Event: 1.481 Thread 0x00000216cdcddd00 Exception <a 'java/lang/NoSuchMethodError'{0x000000074e645ee8}: 'void java.lang.invoke.DirectMethodHandle$Holder.invokeVirtual(java.lang.Object, java.lang.Object, long)'> (0x000000074e645ee8) 
thrown [s\src\hotspot\share\interpreter\linkResolver.cpp, line 773]
Event: 1.484 Thread 0x00000216cdcddd00 Exception <a 'java/lang/NoSuchMethodError'{0x000000074e649c18}: 'long java.lang.invoke.DirectMethodHandle$Holder.invokeStatic(java.lang.Object, java.lang.Object, int)'> (0x000000074e649c18) 
thrown [s\src\hotspot\share\interpreter\linkResolver.cpp, line 773]
Event: 1.488 Thread 0x00000216cdcddd00 Exception <a 'java/lang/NoSuchMethodError'{0x000000074e6546f0}: 'void java.lang.invoke.DelegatingMethodHandle$Holder.reinvoke_L(java.lang.Object, java.lang.Object, long)'> (0x000000074e6546f0) 
thrown [s\src\hotspot\share\interpreter\linkResolver.cpp, line 773]
Event: 1.552 Thread 0x00000216cdcddd00 Exception <a 'java/lang/NoSuchMethodError'{0x000000074e738388}: 'java.lang.Object java.lang.invoke.DelegatingMethodHandle$Holder.reinvoke_L(java.lang.Object, java.lang.Object, int, int, java.lang.Object)'> (0x000000074e738388) 
thrown [s\src\hotspot\share\interpreter\linkResolver.cpp, line 773]
Event: 1.557 Thread 0x00000216cdcddd00 Exception <a 'java/lang/NoSuchMethodError'{0x000000074e74e828}: 'java.lang.Object java.lang.invoke.DirectMethodHandle$Holder.invokeStatic(java.lang.Object, java.lang.Object, int)'> (0x000000074e74e828) 
thrown [s\src\hotspot\share\interpreter\linkResolver.cpp, line 773]
Event: 1.560 Thread 0x00000216cdcddd00 Exception <a 'java/lang/NoSuchMethodError'{0x000000074e759c40}: 'void java.lang.invoke.DelegatingMethodHandle$Holder.delegate(java.lang.Object, java.lang.Object, int, java.lang.Object)'> (0x000000074e759c40) 
thrown [s\src\hotspot\share\interpreter\linkResolver.cpp, line 773]
Event: 1.803 Thread 0x00000216cdcddd00 Exception <a 'sun/nio/fs/WindowsException'{0x000000074e012208}> (0x000000074e012208) 
thrown [s\src\hotspot\share\prims\jni.cpp, line 519]
Event: 1.889 Thread 0x00000216cdcddd00 Exception <a 'java/lang/NoSuchMethodError'{0x000000074e0b4ed0}: 'void java.lang.invoke.DirectMethodHandle$Holder.invokeSpecial(java.lang.Object, java.lang.Object, java.lang.Object, java.lang.Object, java.lang.Object)'> (0x000000074e0b4ed0) 
thrown [s\src\hotspot\share\interpreter\linkResolver.cpp, line 773]

VM Operations (20 events):
Event: 0.923 Executing VM operation: HandshakeAllThreads done
Event: 0.923 Executing VM operation: HandshakeAllThreads
Event: 0.923 Executing VM operation: HandshakeAllThreads done
Event: 0.998 Executing VM operation: ICBufferFull
Event: 0.999 Executing VM operation: ICBufferFull done
Event: 1.319 Executing VM operation: G1CollectForAllocation
Event: 1.331 Executing VM operation: G1CollectForAllocation done
Event: 1.465 Executing VM operation: HandshakeAllThreads
Event: 1.465 Executing VM operation: HandshakeAllThreads done
Event: 1.557 Executing VM operation: HandshakeAllThreads
Event: 1.557 Executing VM operation: HandshakeAllThreads done
Event: 1.641 Executing VM operation: HandshakeAllThreads
Event: 1.641 Executing VM operation: HandshakeAllThreads done
Event: 1.938 Executing VM operation: ICBufferFull
Event: 1.938 Executing VM operation: ICBufferFull done
Event: 2.053 Executing VM operation: HandshakeAllThreads
Event: 2.053 Executing VM operation: HandshakeAllThreads done
Event: 2.080 Executing VM operation: HandshakeAllThreads
Event: 2.080 Executing VM operation: HandshakeAllThreads done
Event: 3.080 Executing VM operation: Cleanup

Events (13 events):
Event: 0.044 Thread 0x00000216cdcddd00 Thread added: 0x00000216cdcddd00
Event: 0.058 Thread 0x00000216ecf0ecf0 Thread added: 0x00000216ecf0ecf0
Event: 0.059 Thread 0x00000216ecf11840 Thread added: 0x00000216ecf11840
Event: 0.059 Thread 0x00000216ecf15250 Thread added: 0x00000216ecf15250
Event: 0.059 Thread 0x00000216ecf16240 Thread added: 0x00000216ecf16240
Event: 0.059 Thread 0x00000216ecf16790 Thread added: 0x00000216ecf16790
Event: 0.060 Thread 0x00000216ecf147b0 Thread added: 0x00000216ecf147b0
Event: 0.060 Thread 0x00000216ecf26130 Thread added: 0x00000216ecf26130
Event: 0.060 Thread 0x00000216ecf31f60 Thread added: 0x00000216ecf31f60
Event: 0.084 Thread 0x00000216ecf16ce0 Thread added: 0x00000216ecf16ce0
Event: 0.088 Thread 0x00000216ecf13d10 Thread added: 0x00000216ecf13d10
Event: 0.570 Thread 0x00000216ecf33010 Thread added: 0x00000216ecf33010
Event: 1.034 Thread 0x00000216ecf30390 Thread added: 0x00000216ecf30390


Dynamic libraries:
0x00007ff6b2c10000 - 0x00007ff6b2c1e000 	C:\Program Files (x86)\JAVAFX\zulu20.32.11-ca-fx-jdk20.0.2-win_x64\bin\java.exe
0x00007ff8a7360000 - 0x00007ff8a75c8000 	C:\WINDOWS\SYSTEM32\ntdll.dll
0x00007ff8a58e0000 - 0x00007ff8a59a9000 	C:\WINDOWS\System32\KERNEL32.DLL
0x00007ff8a4d10000 - 0x00007ff8a50fd000 	C:\WINDOWS\System32\KERNELBASE.dll
0x00007ff8a45f0000 - 0x00007ff8a473b000 	C:\WINDOWS\System32\ucrtbase.dll
0x00007ff88de10000 - 0x00007ff88de27000 	C:\Program Files (x86)\JAVAFX\zulu20.32.11-ca-fx-jdk20.0.2-win_x64\bin\jli.dll
0x00007ff88ddf0000 - 0x00007ff88de0b000 	C:\Program Files (x86)\JAVAFX\zulu20.32.11-ca-fx-jdk20.0.2-win_x64\bin\VCRUNTIME140.dll
0x00007ff8a6ce0000 - 0x00007ff8a6eac000 	C:\WINDOWS\System32\USER32.dll
0x00007ff8a4c40000 - 0x00007ff8a4c67000 	C:\WINDOWS\System32\win32u.dll
0x00007ff88b2d0000 - 0x00007ff88b56a000 	C:\WINDOWS\WinSxS\amd64_microsoft.windows.common-controls_6595b64144ccf1df_6.0.26100.4484_none_3e0e6d4ce32ef3b3\COMCTL32.dll
0x00007ff8a6be0000 - 0x00007ff8a6c0b000 	C:\WINDOWS\System32\GDI32.dll
0x00007ff8a6a40000 - 0x00007ff8a6ae9000 	C:\WINDOWS\System32\msvcrt.dll
0x00007ff8a44b0000 - 0x00007ff8a45e7000 	C:\WINDOWS\System32\gdi32full.dll
0x00007ff8a4a10000 - 0x00007ff8a4ab3000 	C:\WINDOWS\System32\msvcp_win.dll
0x00007ff8a7230000 - 0x00007ff8a725f000 	C:\WINDOWS\System32\IMM32.DLL
0x00007ff88e240000 - 0x00007ff88e24c000 	C:\Program Files (x86)\JAVAFX\zulu20.32.11-ca-fx-jdk20.0.2-win_x64\bin\vcruntime140_1.dll
0x00007ff8802c0000 - 0x00007ff88034d000 	C:\Program Files (x86)\JAVAFX\zulu20.32.11-ca-fx-jdk20.0.2-win_x64\bin\msvcp140.dll
0x00007ff820960000 - 0x00007ff82166f000 	C:\Program Files (x86)\JAVAFX\zulu20.32.11-ca-fx-jdk20.0.2-win_x64\bin\server\jvm.dll
0x00007ff8a70b0000 - 0x00007ff8a7164000 	C:\WINDOWS\System32\ADVAPI32.dll
0x00007ff8a7270000 - 0x00007ff8a7316000 	C:\WINDOWS\System32\sechost.dll
0x00007ff8a6670000 - 0x00007ff8a6788000 	C:\WINDOWS\System32\RPCRT4.dll
0x00007ff88f0d0000 - 0x00007ff88f105000 	C:\WINDOWS\SYSTEM32\WINMM.dll
0x00007ff817e40000 - 0x00007ff817e4a000 	C:\WINDOWS\SYSTEM32\WSOCK32.dll
0x00007ff89e650000 - 0x00007ff89e65b000 	C:\WINDOWS\SYSTEM32\VERSION.dll
0x00007ff8a5200000 - 0x00007ff8a5274000 	C:\WINDOWS\System32\WS2_32.dll
0x00007ff8a3250000 - 0x00007ff8a326b000 	C:\WINDOWS\SYSTEM32\kernel.appcore.dll
0x00007ff88dd30000 - 0x00007ff88dd3a000 	C:\Program Files (x86)\JAVAFX\zulu20.32.11-ca-fx-jdk20.0.2-win_x64\bin\jimage.dll
0x00007ff897ff0000 - 0x00007ff898231000 	C:\WINDOWS\SYSTEM32\DBGHELP.DLL
0x00007ff8a59b0000 - 0x00007ff8a5d36000 	C:\WINDOWS\System32\combase.dll
0x00007ff8a6af0000 - 0x00007ff8a6bd0000 	C:\WINDOWS\System32\OLEAUT32.dll
0x00007ff88a3c0000 - 0x00007ff88a403000 	C:\WINDOWS\SYSTEM32\dbgcore.DLL
0x00007ff8a4c70000 - 0x00007ff8a4d09000 	C:\WINDOWS\System32\bcryptPrimitives.dll
0x00007ff88dd00000 - 0x00007ff88dd26000 	C:\Program Files (x86)\JAVAFX\zulu20.32.11-ca-fx-jdk20.0.2-win_x64\bin\java.dll
0x00007ff867f20000 - 0x00007ff867ff7000 	C:\Program Files (x86)\JAVAFX\zulu20.32.11-ca-fx-jdk20.0.2-win_x64\bin\jsvml.dll
0x00007ff8a5db0000 - 0x00007ff8a64fa000 	C:\WINDOWS\System32\SHELL32.dll
0x00007ff8a4890000 - 0x00007ff8a4a04000 	C:\WINDOWS\System32\wintypes.dll
0x00007ff8a2130000 - 0x00007ff8a298b000 	C:\WINDOWS\SYSTEM32\windows.storage.dll
0x00007ff8a6790000 - 0x00007ff8a6885000 	C:\WINDOWS\System32\SHCORE.dll
0x00007ff8a5d40000 - 0x00007ff8a5daa000 	C:\WINDOWS\System32\shlwapi.dll
0x00007ff8a43c0000 - 0x00007ff8a43ef000 	C:\WINDOWS\SYSTEM32\profapi.dll
0x00007ff88d600000 - 0x00007ff88d613000 	C:\Program Files (x86)\JAVAFX\zulu20.32.11-ca-fx-jdk20.0.2-win_x64\bin\net.dll
0x00007ff89d070000 - 0x00007ff89d18e000 	C:\WINDOWS\SYSTEM32\WINHTTP.dll
0x00007ff8a37e0000 - 0x00007ff8a384a000 	C:\WINDOWS\system32\mswsock.dll
0x00007ff88cd50000 - 0x00007ff88cd66000 	C:\Program Files (x86)\JAVAFX\zulu20.32.11-ca-fx-jdk20.0.2-win_x64\bin\nio.dll
0x00007ff88cca0000 - 0x00007ff88ccb8000 	C:\Program Files (x86)\JAVAFX\zulu20.32.11-ca-fx-jdk20.0.2-win_x64\bin\zip.dll

dbghelp: loaded successfully - version: 4.0.5 - missing functions: none
symbol engine: initialized successfully - sym options: 0x614 - pdb path: .;C:\Program Files (x86)\JAVAFX\zulu20.32.11-ca-fx-jdk20.0.2-win_x64\bin;C:\WINDOWS\SYSTEM32;C:\WINDOWS\WinSxS\amd64_microsoft.windows.common-controls_6595b64144ccf1df_6.0.26100.4484_none_3e0e6d4ce32ef3b3;C:\Program Files (x86)\JAVAFX\zulu20.32.11-ca-fx-jdk20.0.2-win_x64\bin\server

VM Arguments:
jvm_args: -Dant.home=C:\Program Files\NetBeans-18\netbeans\extide\ant\bin\.. 
java_command: org.apache.tools.ant.launch.Launcher -f C:\Users\Bijoy\OneDrive\Documents\NetBeansProjects\CinXo\build.xml -Dant.rerun 1 jfx-project-rebuild
java_class_path (initial): C:\Program Files\NetBeans-18\netbeans\extide\ant\bin\..\lib\ant-launcher.jar
Launcher Type: SUN_STANDARD

[Global flags]
     intx CICompilerCount                          = 4                                         {product} {ergonomic}
     uint ConcGCThreads                            = 2                                         {product} {ergonomic}
     uint G1ConcRefinementThreads                  = 8                                         {product} {ergonomic}
   size_t G1HeapRegionSize                         = 2097152                                   {product} {ergonomic}
    uintx GCDrainStackTargetSize                   = 64                                        {product} {ergonomic}
   size_t InitialHeapSize                          = 199229440                                 {product} {ergonomic}
   size_t MarkStackSize                            = 4194304                                   {product} {ergonomic}
   size_t MaxHeapSize                              = 3170893824                                {product} {ergonomic}
   size_t MaxNewSize                               = 1902116864                                {product} {ergonomic}
   size_t MinHeapDeltaBytes                        = 2097152                                   {product} {ergonomic}
   size_t MinHeapSize                              = 8388608                                   {product} {ergonomic}
    uintx NonNMethodCodeHeapSize                   = 5839372                                {pd product} {ergonomic}
    uintx NonProfiledCodeHeapSize                  = 122909434                              {pd product} {ergonomic}
    uintx ProfiledCodeHeapSize                     = 122909434                              {pd product} {ergonomic}
    uintx ReservedCodeCacheSize                    = 251658240                              {pd product} {ergonomic}
     bool SegmentedCodeCache                       = true                                      {product} {ergonomic}
   size_t SoftMaxHeapSize                          = 3170893824                             {manageable} {ergonomic}
     bool UseCompressedClassPointers               = true                           {product lp64_product} {ergonomic}
     bool UseCompressedOops                        = true                           {product lp64_product} {ergonomic}
     bool UseG1GC                                  = true                                      {product} {ergonomic}
     bool UseLargePagesIndividualAllocation        = false                                  {pd product} {ergonomic}

Logging:
Log output configuration:
 #0: stdout all=warning uptime,level,tags foldmultilines=false
 #1: stderr all=off uptime,level,tags foldmultilines=false

Environment Variables:
PATH=C:\Program Files\Common Files\Oracle\Java\javapath;C:\Program Files (x86)\Common Files\Oracle\Java\javapath;C:\WINDOWS\system32;C:\WINDOWS;C:\WINDOWS\System32\Wbem;C:\WINDOWS\System32\WindowsPowerShell\v1.0\;C:\WINDOWS\System32\OpenSSH\;C:\Program Files\nodejs\;C:\Program Files\Git\cmd;C:\Users\Bijoy\AppData\Local\Microsoft\WindowsApps;C:\Users\Bijoy\AppData\Local\Programs\Microsoft VS Code\bin;C:\Users\Bijoy\AppData\Roaming\npm;C:\Users\Bijoy\AppData\Local\GitHubDesktop\bin
USERNAME=Bijoy
OS=Windows_NT
PROCESSOR_IDENTIFIER=Intel64 Family 6 Model 142 Stepping 12, GenuineIntel
TMP=C:\Users\Bijoy\AppData\Local\Temp
TEMP=C:\Users\Bijoy\AppData\Local\Temp




---------------  S Y S T E M  ---------------

OS:
 Windows 11 , 64 bit Build 26100 (10.0.26100.4484)
OS uptime: 2 days 13:29 hours

CPU: total 8 (initial active 8) (4 cores per cpu, 2 threads per core) family 6 model 142 stepping 12 microcode 0xfa, cx8, cmov, fxsr, ht, mmx, 3dnowpref, sse, sse2, sse3, ssse3, sse4.1, sse4.2, popcnt, lzcnt, tsc, tscinvbit, avx, avx2, aes, erms, clmul, bmi1, bmi2, adx, fma, vzeroupper, clflush, clflushopt, rdtscp, f16c

Memory: 4k page, system-wide physical 12094M (2728M free)
TotalPageFile size 14094M (AvailPageFile size 5M)
current process WorkingSet (physical memory assigned to process): 87M, peak: 87M
current process commit charge ("private bytes"): 291M, peak: 292M

vm_info: OpenJDK 64-Bit Server VM (20.0.2+9) for windows-amd64 JRE (20.0.2+9) (Zulu20.32+11-CA), built on 2023-06-21T20:13:48Z by "zulu_re" with MS VC++ 16.10 / 16.11 (VS2019)

END.
