#
# There is insufficient memory for the Java Runtime Environment to continue.
# Native memory allocation (mmap) failed to map 199229440 bytes for G1 virtual space
# Possible reasons:
#   The system is out of physical RAM or swap space
#   The process is running with CompressedOops enabled, and the Java Heap may be blocking the growth of the native heap
# Possible solutions:
#   Reduce memory load on the system
#   Increase physical memory or swap space
#   Check if swap backing store is full
#   Decrease Java heap size (-Xmx/-Xms)
#   Decrease number of Java threads
#   Decrease Java thread stack sizes (-Xss)
#   Set larger code cache with -XX:ReservedCodeCacheSize=
#   JVM is running with Zero Based Compressed Oops mode in which the Java heap is
#     placed in the first 32GB address space. The Java Heap base address is the
#     maximum limit for the native heap growth. Please use -XX:HeapBaseMinAddress
#     to set the Java Heap base and to place the Java Heap above 32GB virtual address.
# This output file may be truncated or incomplete.
#
#  Out of Memory Error (os_windows.cpp:3528), pid=10180, tid=4160
#
# JRE version:  (20.0.2+9) (build )
# Java VM: OpenJDK 64-Bit Server VM (20.0.2+9, mixed mode, sharing, tiered, compressed oops, compressed class ptrs, g1 gc, windows-amd64)
# No core dump will be written. Minidumps are not enabled by default on client versions of Windows
#

---------------  S U M M A R Y ------------

Command Line: -Dfile.encoding=UTF-8 cinxo.CinXo

Host: Intel(R) Core(TM) i5-8365U CPU @ 1.60GHz, 8 cores, 11G,  Windows 11 , 64 bit Build 26100 (10.0.26100.4484)
Time: Mon Jul 28 00:26:15 2025 Bangladesh Standard Time elapsed time: 1.122895 seconds (0d 0h 0m 1s)

---------------  T H R E A D  ---------------

Current thread (0x000001f50146aed0):  JavaThread "Unknown thread" [_thread_in_vm, id=4160, stack(0x000000270f800000,0x000000270f900000)]

Stack: [0x000000270f800000,0x000000270f900000]
Native frames: (J=compiled Java code, j=interpreted, Vv=VM code, C=native code)
V  [jvm.dll+0x6c4e3a]
V  [jvm.dll+0x8a373c]
V  [jvm.dll+0x8a5345]
V  [jvm.dll+0x8a5a43]
V  [jvm.dll+0x284e1f]
V  [jvm.dll+0x6c1bb9]
V  [jvm.dll+0x6b669a]
V  [jvm.dll+0x3611ad]
V  [jvm.dll+0x369326]
V  [jvm.dll+0x3ba28e]
V  [jvm.dll+0x3ba505]
V  [jvm.dll+0x3317aa]
V  [jvm.dll+0x3325bb]
V  [jvm.dll+0x86c02f]
V  [jvm.dll+0x3c7511]
V  [jvm.dll+0x857db6]
V  [jvm.dll+0x452f3f]
V  [jvm.dll+0x454a21]
C  [jli.dll+0x528f]
C  [ucrtbase.dll+0x37b0]
C  [KERNEL32.DLL+0x2e8d7]
C  [ntdll.dll+0x3c34c]


---------------  P R O C E S S  ---------------

Threads class SMR info:
_java_thread_list=0x00007ff82152a618, length=0, elements={
}

Java Threads: ( => current thread )

Other Threads:
  0x000001f5014c7630 WorkerThread "GC Thread#0" [stack: 0x000000270f900000,0x000000270fa00000] [id=23500]
  0x000001f5014d42c0 ConcurrentGCThread "G1 Main Marker" [stack: 0x000000270fa00000,0x000000270fb00000] [id=23736]
  0x000001f5014d5b60 WorkerThread "G1 Conc#0" [stack: 0x000000270fb00000,0x000000270fc00000] [id=25652]

[error occurred during error reporting (printing all threads), id 0xc0000005, EXCEPTION_ACCESS_VIOLATION (0xc0000005) at pc=0x00007ff820ca4d87]
VM state: not at safepoint (not fully initialized)

VM Mutex/Monitor currently owned by a thread:  ([mutex/lock_event])
[0x000001f501468b60] Heap_lock - owner thread: 0x000001f50146aed0

Heap address: 0x0000000743000000, size: 3024 MB, Compressed Oops mode: Zero based, Oop shift amount: 3

CDS archive(s) mapped at: [0x0000000000000000-0x0000000000000000-0x0000000000000000), size 0, SharedBaseAddress: 0x0000000800000000, ArchiveRelocationMode: 1.
Narrow klass base: 0x0000000000000000, Narrow klass shift: 0, Narrow klass range: 0x0

GC Precious Log:
 CardTable entry size: 512
 Card Set container configuration: InlinePtr #cards 4 size 8 Array Of Cards #cards 16 size 48 Howl #buckets 8 coarsen threshold 3686 Howl Bitmap #cards 512 size 80 coarsen threshold 460 Card regions per heap region 1 cards per card region 4096

Heap:
 garbage-first heap   total 0K, used 0K [0x0000000743000000, 0x0000000800000000)
  region size 2048K, 0 young (0K), 0 survivors (0K)

[error occurred during error reporting (printing heap information), id 0xc0000005, EXCEPTION_ACCESS_VIOLATION (0xc0000005) at pc=0x00007ff82107e1d9]
GC Heap History (0 events):
No events

Dll operation events (1 events):
Event: 0.016 Loaded shared library C:\Program Files (x86)\JAVAFX\zulu20.32.11-ca-fx-jdk20.0.2-win_x64\bin\java.dll

Deoptimization events (0 events):
No events

Classes loaded (0 events):
No events

Classes unloaded (0 events):
No events

Classes redefined (0 events):
No events

Internal exceptions (0 events):
No events

VM Operations (0 events):
No events

Events (0 events):
No events


Dynamic libraries:
0x00007ff79d710000 - 0x00007ff79d71e000 	C:\Program Files (x86)\JAVAFX\zulu20.32.11-ca-fx-jdk20.0.2-win_x64\bin\java.exe
0x00007ff8a7360000 - 0x00007ff8a75c8000 	C:\WINDOWS\SYSTEM32\ntdll.dll
0x00007ff8a58e0000 - 0x00007ff8a59a9000 	C:\WINDOWS\System32\KERNEL32.DLL
0x00007ff8a4d10000 - 0x00007ff8a50fd000 	C:\WINDOWS\System32\KERNELBASE.dll
0x00007ff8a45f0000 - 0x00007ff8a473b000 	C:\WINDOWS\System32\ucrtbase.dll
0x00007ff88de30000 - 0x00007ff88de47000 	C:\Program Files (x86)\JAVAFX\zulu20.32.11-ca-fx-jdk20.0.2-win_x64\bin\jli.dll
0x00007ff88de10000 - 0x00007ff88de2b000 	C:\Program Files (x86)\JAVAFX\zulu20.32.11-ca-fx-jdk20.0.2-win_x64\bin\VCRUNTIME140.dll
0x00007ff8a6ce0000 - 0x00007ff8a6eac000 	C:\WINDOWS\System32\USER32.dll
0x00007ff88b2d0000 - 0x00007ff88b56a000 	C:\WINDOWS\WinSxS\amd64_microsoft.windows.common-controls_6595b64144ccf1df_6.0.26100.4484_none_3e0e6d4ce32ef3b3\COMCTL32.dll
0x00007ff8a4c40000 - 0x00007ff8a4c67000 	C:\WINDOWS\System32\win32u.dll
0x00007ff8a6a40000 - 0x00007ff8a6ae9000 	C:\WINDOWS\System32\msvcrt.dll
0x00007ff8a6be0000 - 0x00007ff8a6c0b000 	C:\WINDOWS\System32\GDI32.dll
0x00007ff8a44b0000 - 0x00007ff8a45e7000 	C:\WINDOWS\System32\gdi32full.dll
0x00007ff8a4a10000 - 0x00007ff8a4ab3000 	C:\WINDOWS\System32\msvcp_win.dll
0x00007ff8a7230000 - 0x00007ff8a725f000 	C:\WINDOWS\System32\IMM32.DLL
0x00007ff88e240000 - 0x00007ff88e24c000 	C:\Program Files (x86)\JAVAFX\zulu20.32.11-ca-fx-jdk20.0.2-win_x64\bin\vcruntime140_1.dll
0x00007ff8802c0000 - 0x00007ff88034d000 	C:\Program Files (x86)\JAVAFX\zulu20.32.11-ca-fx-jdk20.0.2-win_x64\bin\msvcp140.dll
0x00007ff820960000 - 0x00007ff82166f000 	C:\Program Files (x86)\JAVAFX\zulu20.32.11-ca-fx-jdk20.0.2-win_x64\bin\server\jvm.dll
0x00007ff8a70b0000 - 0x00007ff8a7164000 	C:\WINDOWS\System32\ADVAPI32.dll
0x00007ff8a7270000 - 0x00007ff8a7316000 	C:\WINDOWS\System32\sechost.dll
0x00007ff8a6670000 - 0x00007ff8a6788000 	C:\WINDOWS\System32\RPCRT4.dll
0x00007ff817e40000 - 0x00007ff817e4a000 	C:\WINDOWS\SYSTEM32\WSOCK32.dll
0x00007ff88f0d0000 - 0x00007ff88f105000 	C:\WINDOWS\SYSTEM32\WINMM.dll
0x00007ff89e650000 - 0x00007ff89e65b000 	C:\WINDOWS\SYSTEM32\VERSION.dll
0x00007ff8a5200000 - 0x00007ff8a5274000 	C:\WINDOWS\System32\WS2_32.dll
0x00007ff8a3250000 - 0x00007ff8a326b000 	C:\WINDOWS\SYSTEM32\kernel.appcore.dll
0x00007ff88de00000 - 0x00007ff88de0a000 	C:\Program Files (x86)\JAVAFX\zulu20.32.11-ca-fx-jdk20.0.2-win_x64\bin\jimage.dll
0x00007ff897ff0000 - 0x00007ff898231000 	C:\WINDOWS\SYSTEM32\DBGHELP.DLL
0x00007ff8a59b0000 - 0x00007ff8a5d36000 	C:\WINDOWS\System32\combase.dll
0x00007ff8a6af0000 - 0x00007ff8a6bd0000 	C:\WINDOWS\System32\OLEAUT32.dll
0x00007ff88a3c0000 - 0x00007ff88a403000 	C:\WINDOWS\SYSTEM32\dbgcore.DLL
0x00007ff8a4c70000 - 0x00007ff8a4d09000 	C:\WINDOWS\System32\bcryptPrimitives.dll
0x00007ff88dd10000 - 0x00007ff88dd36000 	C:\Program Files (x86)\JAVAFX\zulu20.32.11-ca-fx-jdk20.0.2-win_x64\bin\java.dll

dbghelp: loaded successfully - version: 4.0.5 - missing functions: none
symbol engine: initialized successfully - sym options: 0x614 - pdb path: .;C:\Program Files (x86)\JAVAFX\zulu20.32.11-ca-fx-jdk20.0.2-win_x64\bin;C:\WINDOWS\SYSTEM32;C:\WINDOWS\WinSxS\amd64_microsoft.windows.common-controls_6595b64144ccf1df_6.0.26100.4484_none_3e0e6d4ce32ef3b3;C:\Program Files (x86)\JAVAFX\zulu20.32.11-ca-fx-jdk20.0.2-win_x64\bin\server

VM Arguments:
jvm_args: -Dfile.encoding=UTF-8 
java_command: cinxo.CinXo
java_class_path (initial): C:\Users\Bijoy\OneDrive\Documents\fontawesomefx-8.2.jar;C:\Users\Bijoy\Downloads\mysql-connector-j-9.3.0.jar;C:\Users\Bijoy\Downloads\ojdbc11.jar;C:\Users\Bijoy\OneDrive\Documents\NetBeansProjects\CinXo\build\classes
Launcher Type: SUN_STANDARD

[Global flags]
     intx CICompilerCount                          = 4                                         {product} {ergonomic}
     uint ConcGCThreads                            = 2                                         {product} {ergonomic}
     uint G1ConcRefinementThreads                  = 8                                         {product} {ergonomic}
   size_t G1HeapRegionSize                         = 2097152                                   {product} {ergonomic}
    uintx GCDrainStackTargetSize                   = 64                                        {product} {ergonomic}
   size_t InitialHeapSize                          = 199229440                                 {product} {ergonomic}
   size_t MarkStackSize                            = 4194304                                   {product} {ergonomic}
   size_t MaxHeapSize                              = 3170893824                                {product} {ergonomic}
   size_t MinHeapDeltaBytes                        = 2097152                                   {product} {ergonomic}
   size_t MinHeapSize                              = 8388608                                   {product} {ergonomic}
    uintx NonNMethodCodeHeapSize                   = 5839372                                {pd product} {ergonomic}
    uintx NonProfiledCodeHeapSize                  = 122909434                              {pd product} {ergonomic}
    uintx ProfiledCodeHeapSize                     = 122909434                              {pd product} {ergonomic}
    uintx ReservedCodeCacheSize                    = 251658240                              {pd product} {ergonomic}
     bool SegmentedCodeCache                       = true                                      {product} {ergonomic}
   size_t SoftMaxHeapSize                          = 3170893824                             {manageable} {ergonomic}
     bool UseCompressedClassPointers               = true                           {product lp64_product} {ergonomic}
     bool UseCompressedOops                        = true                           {product lp64_product} {ergonomic}
     bool UseG1GC                                  = true                                      {product} {ergonomic}
     bool UseLargePagesIndividualAllocation        = false                                  {pd product} {ergonomic}

Logging:
Log output configuration:
 #0: stdout all=warning uptime,level,tags foldmultilines=false
 #1: stderr all=off uptime,level,tags foldmultilines=false

Environment Variables:
PATH=C:\Program Files\Common Files\Oracle\Java\javapath;C:\Program Files (x86)\Common Files\Oracle\Java\javapath;C:\WINDOWS\system32;C:\WINDOWS;C:\WINDOWS\System32\Wbem;C:\WINDOWS\System32\WindowsPowerShell\v1.0\;C:\WINDOWS\System32\OpenSSH\;C:\Program Files\nodejs\;C:\Program Files\Git\cmd;C:\Users\Bijoy\AppData\Local\Microsoft\WindowsApps;C:\Users\Bijoy\AppData\Local\Programs\Microsoft VS Code\bin;C:\Users\Bijoy\AppData\Roaming\npm;C:\Users\Bijoy\AppData\Local\GitHubDesktop\bin
USERNAME=Bijoy
OS=Windows_NT
PROCESSOR_IDENTIFIER=Intel64 Family 6 Model 142 Stepping 12, GenuineIntel
TMP=C:\Users\Bijoy\AppData\Local\Temp
TEMP=C:\Users\Bijoy\AppData\Local\Temp




---------------  S Y S T E M  ---------------

OS:
 Windows 11 , 64 bit Build 26100 (10.0.26100.4484)
OS uptime: 2 days 13:28 hours

CPU: total 8 (initial active 8) (4 cores per cpu, 2 threads per core) family 6 model 142 stepping 12 microcode 0xfa, cx8, cmov, fxsr, ht, mmx, 3dnowpref, sse, sse2, sse3, ssse3, sse4.1, sse4.2, popcnt, lzcnt, tsc, tscinvbit, avx, avx2, aes, erms, clmul, bmi1, bmi2, adx, fma, vzeroupper, clflush, clflushopt, rdtscp, f16c

Memory: 4k page, system-wide physical 12094M (2759M free)
TotalPageFile size 14094M (AvailPageFile size 178M)
current process WorkingSet (physical memory assigned to process): 12M, peak: 12M
current process commit charge ("private bytes"): 60M, peak: 250M

vm_info: OpenJDK 64-Bit Server VM (20.0.2+9) for windows-amd64 JRE (20.0.2+9) (Zulu20.32+11-CA), built on 2023-06-21T20:13:48Z by "zulu_re" with MS VC++ 16.10 / 16.11 (VS2019)

END.
